
*** Running vivado
    with args -log design_1_ilmb_v10_2.vds -m64 -product Vivado -mode batch -messageDb vivado.pb -notrace -source design_1_ilmb_v10_2.tcl



****** Vivado v2021.2 (64-bit)
  **** SW Build 3367213 on Tue Oct 19 02:48:09 MDT 2021
  **** IP Build 3369179 on Thu Oct 21 08:25:16 MDT 2021
    ** Copyright 1986-2021 Xilinx, Inc. All Rights Reserved.

source design_1_ilmb_v10_2.tcl -notrace
create_project: Time (s): cpu = 00:00:16 ; elapsed = 00:00:24 . Memory (MB): peak = 1492.297 ; gain = 57.926
Command: synth_design -top design_1_ilmb_v10_2 -part xc7a35ticsg324-1L -mode out_of_context
Starting synth_design
Attempting to get a license for feature 'Synthesis' and/or device 'xc7a35ti'
INFO: [Common 17-349] Got license for feature 'Synthesis' and/or device 'xc7a35ti'
INFO: [Device 21-403] Loading part xc7a35ticsg324-1L
INFO: [Synth 8-7079] Multithreading enabled for synth_design using a maximum of 2 processes.
INFO: [Synth 8-7078] Launching helper process for spawning children vivado processes
INFO: [Synth 8-7075] Helper process launched with PID 44484
---------------------------------------------------------------------------------
Starting RTL Elaboration : Time (s): cpu = 00:00:14 ; elapsed = 00:00:33 . Memory (MB): peak = 1492.297 ; gain = 0.000
---------------------------------------------------------------------------------
INFO: [Synth 8-638] synthesizing module 'design_1_ilmb_v10_2' [c:/Users/rikir/Documents/FPGA_projects/Vitis_project_on_SPI_flash/Vitis_project_on_SPI_flash.gen/sources_1/bd/design_1/ip/design_1_ilmb_v10_2/synth/design_1_ilmb_v10_2.vhd:89]
	Parameter C_LMB_NUM_SLAVES bound to: 1 - type: integer 
	Parameter C_LMB_DWIDTH bound to: 32 - type: integer 
	Parameter C_LMB_AWIDTH bound to: 32 - type: integer 
	Parameter C_LMB_PROTOCOL bound to: 0 - type: integer 
	Parameter C_EXT_RESET_HIGH bound to: 1 - type: integer 
INFO: [Synth 8-3491] module 'lmb_v10' declared at 'c:/Users/rikir/Documents/FPGA_projects/Vitis_project_on_SPI_flash/Vitis_project_on_SPI_flash.gen/sources_1/bd/design_1/ipshared/c2ed/hdl/lmb_v10_v3_0_vh_rfs.vhd:92' bound to instance 'U0' of component 'lmb_v10' [c:/Users/rikir/Documents/FPGA_projects/Vitis_project_on_SPI_flash/Vitis_project_on_SPI_flash.gen/sources_1/bd/design_1/ip/design_1_ilmb_v10_2/synth/design_1_ilmb_v10_2.vhd:165]
INFO: [Synth 8-638] synthesizing module 'lmb_v10' [c:/Users/rikir/Documents/FPGA_projects/Vitis_project_on_SPI_flash/Vitis_project_on_SPI_flash.gen/sources_1/bd/design_1/ipshared/c2ed/hdl/lmb_v10_v3_0_vh_rfs.vhd:141]
INFO: [Synth 8-3491] module 'FDS' declared at 'D:/Xilinx/Vivado/2021.2/scripts/rt/data/unisim_comp.v:27960' bound to instance 'POR_FF_I' of component 'FDS' [c:/Users/rikir/Documents/FPGA_projects/Vitis_project_on_SPI_flash/Vitis_project_on_SPI_flash.gen/sources_1/bd/design_1/ipshared/c2ed/hdl/lmb_v10_v3_0_vh_rfs.vhd:171]
INFO: [Synth 8-6157] synthesizing module 'FDS' [D:/Xilinx/Vivado/2021.2/scripts/rt/data/unisim_comp.v:27960]
INFO: [Synth 8-6155] done synthesizing module 'FDS' (1#1) [D:/Xilinx/Vivado/2021.2/scripts/rt/data/unisim_comp.v:27960]
INFO: [Synth 8-256] done synthesizing module 'lmb_v10' (2#1) [c:/Users/rikir/Documents/FPGA_projects/Vitis_project_on_SPI_flash/Vitis_project_on_SPI_flash.gen/sources_1/bd/design_1/ipshared/c2ed/hdl/lmb_v10_v3_0_vh_rfs.vhd:141]
INFO: [Synth 8-256] done synthesizing module 'design_1_ilmb_v10_2' (3#1) [c:/Users/rikir/Documents/FPGA_projects/Vitis_project_on_SPI_flash/Vitis_project_on_SPI_flash.gen/sources_1/bd/design_1/ip/design_1_ilmb_v10_2/synth/design_1_ilmb_v10_2.vhd:89]
---------------------------------------------------------------------------------
Finished RTL Elaboration : Time (s): cpu = 00:00:17 ; elapsed = 00:00:37 . Memory (MB): peak = 1492.297 ; gain = 0.000
---------------------------------------------------------------------------------
---------------------------------------------------------------------------------
Start Handling Custom Attributes
---------------------------------------------------------------------------------
---------------------------------------------------------------------------------
Finished Handling Custom Attributes : Time (s): cpu = 00:00:19 ; elapsed = 00:00:39 . Memory (MB): peak = 1492.297 ; gain = 0.000
---------------------------------------------------------------------------------
---------------------------------------------------------------------------------
Finished RTL Optimization Phase 1 : Time (s): cpu = 00:00:19 ; elapsed = 00:00:39 . Memory (MB): peak = 1492.297 ; gain = 0.000
---------------------------------------------------------------------------------
Netlist sorting complete. Time (s): cpu = 00:00:00 ; elapsed = 00:00:00.014 . Memory (MB): peak = 1492.297 ; gain = 0.000
INFO: [Netlist 29-17] Analyzing 1 Unisim elements for replacement
INFO: [Netlist 29-28] Unisim Transformation completed in 0 CPU seconds
INFO: [Project 1-570] Preparing netlist for logic optimization

Processing XDC Constraints
Initializing timing engine
Parsing XDC File [c:/Users/rikir/Documents/FPGA_projects/Vitis_project_on_SPI_flash/Vitis_project_on_SPI_flash.gen/sources_1/bd/design_1/ip/design_1_ilmb_v10_2/design_1_ilmb_v10_2_ooc.xdc] for cell 'U0'
Finished Parsing XDC File [c:/Users/rikir/Documents/FPGA_projects/Vitis_project_on_SPI_flash/Vitis_project_on_SPI_flash.gen/sources_1/bd/design_1/ip/design_1_ilmb_v10_2/design_1_ilmb_v10_2_ooc.xdc] for cell 'U0'
Parsing XDC File [C:/Users/rikir/Documents/FPGA_projects/Vitis_project_on_SPI_flash/Vitis_project_on_SPI_flash.runs/design_1_ilmb_v10_2_synth_1/dont_touch.xdc]
Finished Parsing XDC File [C:/Users/rikir/Documents/FPGA_projects/Vitis_project_on_SPI_flash/Vitis_project_on_SPI_flash.runs/design_1_ilmb_v10_2_synth_1/dont_touch.xdc]
Completed Processing XDC Constraints

Netlist sorting complete. Time (s): cpu = 00:00:00 ; elapsed = 00:00:00 . Memory (MB): peak = 1492.297 ; gain = 0.000
INFO: [Project 1-111] Unisim Transformation Summary:
  A total of 1 instances were transformed.
  FDS => FDSE: 1 instance 

Constraint Validation Runtime : Time (s): cpu = 00:00:00 ; elapsed = 00:00:00.069 . Memory (MB): peak = 1492.297 ; gain = 0.000
---------------------------------------------------------------------------------
Finished Constraint Validation : Time (s): cpu = 00:00:36 ; elapsed = 00:00:58 . Memory (MB): peak = 1492.297 ; gain = 0.000
---------------------------------------------------------------------------------
---------------------------------------------------------------------------------
Start Loading Part and Timing Information
---------------------------------------------------------------------------------
Loading part: xc7a35ticsg324-1L
---------------------------------------------------------------------------------
Finished Loading Part and Timing Information : Time (s): cpu = 00:00:36 ; elapsed = 00:00:58 . Memory (MB): peak = 1492.297 ; gain = 0.000
---------------------------------------------------------------------------------
---------------------------------------------------------------------------------
Start Applying 'set_property' XDC Constraints
---------------------------------------------------------------------------------
Applied set_property KEEP_HIERARCHY = SOFT for U0. (constraint file  C:/Users/rikir/Documents/FPGA_projects/Vitis_project_on_SPI_flash/Vitis_project_on_SPI_flash.runs/design_1_ilmb_v10_2_synth_1/dont_touch.xdc, line 9).
---------------------------------------------------------------------------------
Finished applying 'set_property' XDC Constraints : Time (s): cpu = 00:00:36 ; elapsed = 00:00:58 . Memory (MB): peak = 1492.297 ; gain = 0.000
---------------------------------------------------------------------------------
---------------------------------------------------------------------------------
Finished RTL Optimization Phase 2 : Time (s): cpu = 00:00:37 ; elapsed = 00:00:59 . Memory (MB): peak = 1492.297 ; gain = 0.000
---------------------------------------------------------------------------------
---------------------------------------------------------------------------------
Start RTL Component Statistics 
---------------------------------------------------------------------------------
Detailed RTL Component Info : 
---------------------------------------------------------------------------------
Finished RTL Component Statistics 
---------------------------------------------------------------------------------
---------------------------------------------------------------------------------
Start Part Resource Summary
---------------------------------------------------------------------------------
Part Resources:
DSPs: 90 (col length:60)
BRAMs: 100 (col length: RAMB18 60 RAMB36 30)
---------------------------------------------------------------------------------
Finished Part Resource Summary
---------------------------------------------------------------------------------
---------------------------------------------------------------------------------
Start Cross Boundary and Area Optimization
---------------------------------------------------------------------------------
WARNING: [Synth 8-7080] Parallel synthesis criteria is not met
---------------------------------------------------------------------------------
Finished Cross Boundary and Area Optimization : Time (s): cpu = 00:00:42 ; elapsed = 00:01:04 . Memory (MB): peak = 1492.297 ; gain = 0.000
---------------------------------------------------------------------------------
---------------------------------------------------------------------------------
Start Applying XDC Timing Constraints
---------------------------------------------------------------------------------
---------------------------------------------------------------------------------
Finished Applying XDC Timing Constraints : Time (s): cpu = 00:00:56 ; elapsed = 00:01:18 . Memory (MB): peak = 1492.297 ; gain = 0.000
---------------------------------------------------------------------------------
---------------------------------------------------------------------------------
Start Timing Optimization
---------------------------------------------------------------------------------
---------------------------------------------------------------------------------
Finished Timing Optimization : Time (s): cpu = 00:00:56 ; elapsed = 00:01:18 . Memory (MB): peak = 1492.297 ; gain = 0.000
---------------------------------------------------------------------------------
---------------------------------------------------------------------------------
Start Technology Mapping
---------------------------------------------------------------------------------
---------------------------------------------------------------------------------
Finished Technology Mapping : Time (s): cpu = 00:00:56 ; elapsed = 00:01:18 . Memory (MB): peak = 1492.297 ; gain = 0.000
---------------------------------------------------------------------------------
---------------------------------------------------------------------------------
Start IO Insertion
---------------------------------------------------------------------------------
---------------------------------------------------------------------------------
Start Flattening Before IO Insertion
---------------------------------------------------------------------------------
---------------------------------------------------------------------------------
Finished Flattening Before IO Insertion
---------------------------------------------------------------------------------
---------------------------------------------------------------------------------
Start Final Netlist Cleanup
---------------------------------------------------------------------------------
---------------------------------------------------------------------------------
Finished Final Netlist Cleanup
---------------------------------------------------------------------------------
---------------------------------------------------------------------------------
Finished IO Insertion : Time (s): cpu = 00:01:10 ; elapsed = 00:01:32 . Memory (MB): peak = 1492.297 ; gain = 0.000
---------------------------------------------------------------------------------
---------------------------------------------------------------------------------
Start Renaming Generated Instances
---------------------------------------------------------------------------------
---------------------------------------------------------------------------------
Finished Renaming Generated Instances : Time (s): cpu = 00:01:10 ; elapsed = 00:01:32 . Memory (MB): peak = 1492.297 ; gain = 0.000
---------------------------------------------------------------------------------
---------------------------------------------------------------------------------
Start Rebuilding User Hierarchy
---------------------------------------------------------------------------------
---------------------------------------------------------------------------------
Finished Rebuilding User Hierarchy : Time (s): cpu = 00:01:10 ; elapsed = 00:01:32 . Memory (MB): peak = 1492.297 ; gain = 0.000
---------------------------------------------------------------------------------
---------------------------------------------------------------------------------
Start Renaming Generated Ports
---------------------------------------------------------------------------------
---------------------------------------------------------------------------------
Finished Renaming Generated Ports : Time (s): cpu = 00:01:10 ; elapsed = 00:01:32 . Memory (MB): peak = 1492.297 ; gain = 0.000
---------------------------------------------------------------------------------
---------------------------------------------------------------------------------
Start Handling Custom Attributes
---------------------------------------------------------------------------------
---------------------------------------------------------------------------------
Finished Handling Custom Attributes : Time (s): cpu = 00:01:10 ; elapsed = 00:01:32 . Memory (MB): peak = 1492.297 ; gain = 0.000
---------------------------------------------------------------------------------
---------------------------------------------------------------------------------
Start Renaming Generated Nets
---------------------------------------------------------------------------------
---------------------------------------------------------------------------------
Finished Renaming Generated Nets : Time (s): cpu = 00:01:10 ; elapsed = 00:01:32 . Memory (MB): peak = 1492.297 ; gain = 0.000
---------------------------------------------------------------------------------
---------------------------------------------------------------------------------
Start Writing Synthesis Report
---------------------------------------------------------------------------------

Report BlackBoxes: 
+-+--------------+----------+
| |BlackBox name |Instances |
+-+--------------+----------+
+-+--------------+----------+

Report Cell Usage: 
+------+-----+------+
|      |Cell |Count |
+------+-----+------+
|1     |FDS  |     1|
+------+-----+------+
---------------------------------------------------------------------------------
Finished Writing Synthesis Report : Time (s): cpu = 00:01:10 ; elapsed = 00:01:32 . Memory (MB): peak = 1492.297 ; gain = 0.000
---------------------------------------------------------------------------------
Synthesis finished with 0 errors, 0 critical warnings and 1 warnings.
Synthesis Optimization Runtime : Time (s): cpu = 00:00:46 ; elapsed = 00:01:26 . Memory (MB): peak = 1492.297 ; gain = 0.000
Synthesis Optimization Complete : Time (s): cpu = 00:01:10 ; elapsed = 00:01:32 . Memory (MB): peak = 1492.297 ; gain = 0.000
INFO: [Project 1-571] Translating synthesized netlist
Netlist sorting complete. Time (s): cpu = 00:00:00 ; elapsed = 00:00:00.012 . Memory (MB): peak = 1492.297 ; gain = 0.000
INFO: [Netlist 29-17] Analyzing 1 Unisim elements for replacement
INFO: [Netlist 29-28] Unisim Transformation completed in 0 CPU seconds
INFO: [Project 1-570] Preparing netlist for logic optimization
INFO: [Opt 31-138] Pushed 0 inverter(s) to 0 load pin(s).
Netlist sorting complete. Time (s): cpu = 00:00:00 ; elapsed = 00:00:00 . Memory (MB): peak = 1492.297 ; gain = 0.000
INFO: [Project 1-111] Unisim Transformation Summary:
  A total of 1 instances were transformed.
  FDS => FDSE: 1 instance 

Synth Design complete, checksum: 9886608f
INFO: [Common 17-83] Releasing license: Synthesis
24 Infos, 1 Warnings, 0 Critical Warnings and 0 Errors encountered.
synth_design completed successfully
synth_design: Time (s): cpu = 00:01:19 ; elapsed = 00:01:44 . Memory (MB): peak = 1492.297 ; gain = 0.000
INFO: [Common 17-1381] The checkpoint 'C:/Users/rikir/Documents/FPGA_projects/Vitis_project_on_SPI_flash/Vitis_project_on_SPI_flash.runs/design_1_ilmb_v10_2_synth_1/design_1_ilmb_v10_2.dcp' has been generated.
INFO: [Coretcl 2-1648] Added synthesis output to IP cache for IP design_1_ilmb_v10_2, cache-ID = 179b293ab286338c
INFO: [Common 17-1381] The checkpoint 'C:/Users/rikir/Documents/FPGA_projects/Vitis_project_on_SPI_flash/Vitis_project_on_SPI_flash.runs/design_1_ilmb_v10_2_synth_1/design_1_ilmb_v10_2.dcp' has been generated.
INFO: [runtcl-4] Executing : report_utilization -file design_1_ilmb_v10_2_utilization_synth.rpt -pb design_1_ilmb_v10_2_utilization_synth.pb
INFO: [Common 17-206] Exiting Vivado at Wed Mar 30 16:51:22 2022...
