
*** Running vivado
    with args -log design_1_wrapper.vds -m64 -product Vivado -mode batch -messageDb vivado.pb -notrace -source design_1_wrapper.tcl



****** Vivado v2021.2 (64-bit)
  **** SW Build 3367213 on Tue Oct 19 02:48:09 MDT 2021
  **** IP Build 3369179 on Thu Oct 21 08:25:16 MDT 2021
    ** Copyright 1986-2021 Xilinx, Inc. All Rights Reserved.

source design_1_wrapper.tcl -notrace
create_project: Time (s): cpu = 00:00:05 ; elapsed = 00:00:05 . Memory (MB): peak = 1445.938 ; gain = 0.000
INFO: [IP_Flow 19-234] Refreshing IP repositories
INFO: [IP_Flow 19-1700] Loaded user IP repository 'c:/Users/rikir/Documents/FPGA_projects/vivado-library'.
INFO: [IP_Flow 19-2313] Loaded Vivado IP repository 'D:/Xilinx/Vivado/2021.2/data/ip'.
WARNING: [IP_Flow 19-4995] The host OS only allows 260 characters in a normal path. The IP cache path is more than 80 characters. If you experience issues with IP caching, please consider changing the IP cache to a location with a shorter path. Alternately consider using the OS subst command to map part of the path to a drive letter. 
Current IP cache path is c:/Users/rikir/Documents/FPGA_projects/Vitis_project_on_SPI_flash/Vitis_project_on_SPI_flash.cache/ip 
add_files: Time (s): cpu = 00:00:06 ; elapsed = 00:00:07 . Memory (MB): peak = 1445.938 ; gain = 0.000
Command: read_checkpoint -auto_incremental -incremental C:/Users/rikir/Documents/FPGA_projects/Vitis_project_on_SPI_flash/Vitis_project_on_SPI_flash.srcs/utils_1/imports/synth_1/design_1_wrapper.dcp
INFO: [Vivado 12-5825] Read reference checkpoint from C:/Users/rikir/Documents/FPGA_projects/Vitis_project_on_SPI_flash/Vitis_project_on_SPI_flash.srcs/utils_1/imports/synth_1/design_1_wrapper.dcp for incremental synthesis
INFO: [Vivado 12-7989] Please ensure there are no constraint changes
Command: synth_design -top design_1_wrapper -part xc7a35ticsg324-1L
Starting synth_design
Attempting to get a license for feature 'Synthesis' and/or device 'xc7a35ti'
INFO: [Common 17-349] Got license for feature 'Synthesis' and/or device 'xc7a35ti'
INFO: [Device 21-403] Loading part xc7a35ticsg324-1L
WARNING: [Designutils 20-4072] Reference run did not run incremental synthesis because the design is too small; reverting to default synthesis
INFO: [Designutils 20-4379] Flow is switching to default flow due to incremental criteria not met. If you would like to alter this behaviour and have the flow terminate instead, please set the following parameter config_implementation {autoIncr.Synth.RejectBehavior Terminate}
INFO: [Synth 8-7079] Multithreading enabled for synth_design using a maximum of 2 processes.
INFO: [Synth 8-7078] Launching helper process for spawning children vivado processes
INFO: [Synth 8-7075] Helper process launched with PID 19596
---------------------------------------------------------------------------------
Starting RTL Elaboration : Time (s): cpu = 00:00:05 ; elapsed = 00:00:07 . Memory (MB): peak = 1445.938 ; gain = 0.000
---------------------------------------------------------------------------------
INFO: [Synth 8-6157] synthesizing module 'design_1_wrapper' [C:/Users/rikir/Documents/FPGA_projects/Vitis_project_on_SPI_flash/Vitis_project_on_SPI_flash.gen/sources_1/bd/design_1/hdl/design_1_wrapper.v:12]
INFO: [Synth 8-6157] synthesizing module 'design_1' [c:/Users/rikir/Documents/FPGA_projects/Vitis_project_on_SPI_flash/Vitis_project_on_SPI_flash.gen/sources_1/bd/design_1/synth/design_1.v:13]
INFO: [Synth 8-6157] synthesizing module 'design_1_clk_wiz_0_0' [C:/Users/rikir/Documents/FPGA_projects/Vitis_project_on_SPI_flash/Vitis_project_on_SPI_flash.runs/synth_1/.Xil/Vivado-16184-LAPTOP-LB6J3CUA/realtime/design_1_clk_wiz_0_0_stub.v:5]
INFO: [Synth 8-6155] done synthesizing module 'design_1_clk_wiz_0_0' (1#1) [C:/Users/rikir/Documents/FPGA_projects/Vitis_project_on_SPI_flash/Vitis_project_on_SPI_flash.runs/synth_1/.Xil/Vivado-16184-LAPTOP-LB6J3CUA/realtime/design_1_clk_wiz_0_0_stub.v:5]
WARNING: [Synth 8-7071] port 'clk_25_MHz' of module 'design_1_clk_wiz_0_0' is unconnected for instance 'CLOCKING_WIZARD' [c:/Users/rikir/Documents/FPGA_projects/Vitis_project_on_SPI_flash/Vitis_project_on_SPI_flash.gen/sources_1/bd/design_1/synth/design_1.v:439]
WARNING: [Synth 8-7071] port 'locked' of module 'design_1_clk_wiz_0_0' is unconnected for instance 'CLOCKING_WIZARD' [c:/Users/rikir/Documents/FPGA_projects/Vitis_project_on_SPI_flash/Vitis_project_on_SPI_flash.gen/sources_1/bd/design_1/synth/design_1.v:439]
WARNING: [Synth 8-7023] instance 'CLOCKING_WIZARD' of module 'design_1_clk_wiz_0_0' has 6 connections declared, but only 4 given [c:/Users/rikir/Documents/FPGA_projects/Vitis_project_on_SPI_flash/Vitis_project_on_SPI_flash.gen/sources_1/bd/design_1/synth/design_1.v:439]
INFO: [Synth 8-6157] synthesizing module 'design_1_PmodSD_0_0' [C:/Users/rikir/Documents/FPGA_projects/Vitis_project_on_SPI_flash/Vitis_project_on_SPI_flash.runs/synth_1/.Xil/Vivado-16184-LAPTOP-LB6J3CUA/realtime/design_1_PmodSD_0_0_stub.v:6]
INFO: [Synth 8-6155] done synthesizing module 'design_1_PmodSD_0_0' (2#1) [C:/Users/rikir/Documents/FPGA_projects/Vitis_project_on_SPI_flash/Vitis_project_on_SPI_flash.runs/synth_1/.Xil/Vivado-16184-LAPTOP-LB6J3CUA/realtime/design_1_PmodSD_0_0_stub.v:6]
INFO: [Synth 8-6157] synthesizing module 'design_1_axi_quad_spi_0_1' [C:/Users/rikir/Documents/FPGA_projects/Vitis_project_on_SPI_flash/Vitis_project_on_SPI_flash.runs/synth_1/.Xil/Vivado-16184-LAPTOP-LB6J3CUA/realtime/design_1_axi_quad_spi_0_1_stub.v:6]
INFO: [Synth 8-6155] done synthesizing module 'design_1_axi_quad_spi_0_1' (3#1) [C:/Users/rikir/Documents/FPGA_projects/Vitis_project_on_SPI_flash/Vitis_project_on_SPI_flash.runs/synth_1/.Xil/Vivado-16184-LAPTOP-LB6J3CUA/realtime/design_1_axi_quad_spi_0_1_stub.v:6]
WARNING: [Synth 8-7071] port 'ip2intc_irpt' of module 'design_1_axi_quad_spi_0_1' is unconnected for instance 'axi_quad_spi_0' [c:/Users/rikir/Documents/FPGA_projects/Vitis_project_on_SPI_flash/Vitis_project_on_SPI_flash.gen/sources_1/bd/design_1/synth/design_1.v:505]
WARNING: [Synth 8-7023] instance 'axi_quad_spi_0' of module 'design_1_axi_quad_spi_0_1' has 33 connections declared, but only 32 given [c:/Users/rikir/Documents/FPGA_projects/Vitis_project_on_SPI_flash/Vitis_project_on_SPI_flash.gen/sources_1/bd/design_1/synth/design_1.v:505]
INFO: [Synth 8-6157] synthesizing module 'design_1_axi_smc_1' [C:/Users/rikir/Documents/FPGA_projects/Vitis_project_on_SPI_flash/Vitis_project_on_SPI_flash.runs/synth_1/.Xil/Vivado-16184-LAPTOP-LB6J3CUA/realtime/design_1_axi_smc_1_stub.v:6]
INFO: [Synth 8-6155] done synthesizing module 'design_1_axi_smc_1' (4#1) [C:/Users/rikir/Documents/FPGA_projects/Vitis_project_on_SPI_flash/Vitis_project_on_SPI_flash.runs/synth_1/.Xil/Vivado-16184-LAPTOP-LB6J3CUA/realtime/design_1_axi_smc_1_stub.v:6]
INFO: [Synth 8-6157] synthesizing module 'design_1_axi_uartlite_0_2' [C:/Users/rikir/Documents/FPGA_projects/Vitis_project_on_SPI_flash/Vitis_project_on_SPI_flash.runs/synth_1/.Xil/Vivado-16184-LAPTOP-LB6J3CUA/realtime/design_1_axi_uartlite_0_2_stub.v:6]
INFO: [Synth 8-6155] done synthesizing module 'design_1_axi_uartlite_0_2' (5#1) [C:/Users/rikir/Documents/FPGA_projects/Vitis_project_on_SPI_flash/Vitis_project_on_SPI_flash.runs/synth_1/.Xil/Vivado-16184-LAPTOP-LB6J3CUA/realtime/design_1_axi_uartlite_0_2_stub.v:6]
WARNING: [Synth 8-7071] port 'interrupt' of module 'design_1_axi_uartlite_0_2' is unconnected for instance 'axi_uartlite_0' [c:/Users/rikir/Documents/FPGA_projects/Vitis_project_on_SPI_flash/Vitis_project_on_SPI_flash.gen/sources_1/bd/design_1/synth/design_1.v:622]
WARNING: [Synth 8-7023] instance 'axi_uartlite_0' of module 'design_1_axi_uartlite_0_2' has 22 connections declared, but only 21 given [c:/Users/rikir/Documents/FPGA_projects/Vitis_project_on_SPI_flash/Vitis_project_on_SPI_flash.gen/sources_1/bd/design_1/synth/design_1.v:622]
INFO: [Synth 8-6157] synthesizing module 'design_1_mdm_1_2' [C:/Users/rikir/Documents/FPGA_projects/Vitis_project_on_SPI_flash/Vitis_project_on_SPI_flash.runs/synth_1/.Xil/Vivado-16184-LAPTOP-LB6J3CUA/realtime/design_1_mdm_1_2_stub.v:6]
INFO: [Synth 8-6155] done synthesizing module 'design_1_mdm_1_2' (6#1) [C:/Users/rikir/Documents/FPGA_projects/Vitis_project_on_SPI_flash/Vitis_project_on_SPI_flash.runs/synth_1/.Xil/Vivado-16184-LAPTOP-LB6J3CUA/realtime/design_1_mdm_1_2_stub.v:6]
INFO: [Synth 8-6157] synthesizing module 'design_1_microblaze_0_1' [C:/Users/rikir/Documents/FPGA_projects/Vitis_project_on_SPI_flash/Vitis_project_on_SPI_flash.runs/synth_1/.Xil/Vivado-16184-LAPTOP-LB6J3CUA/realtime/design_1_microblaze_0_1_stub.v:6]
INFO: [Synth 8-6155] done synthesizing module 'design_1_microblaze_0_1' (7#1) [C:/Users/rikir/Documents/FPGA_projects/Vitis_project_on_SPI_flash/Vitis_project_on_SPI_flash.runs/synth_1/.Xil/Vivado-16184-LAPTOP-LB6J3CUA/realtime/design_1_microblaze_0_1_stub.v:6]
WARNING: [Synth 8-7071] port 'Interrupt_Ack' of module 'design_1_microblaze_0_1' is unconnected for instance 'microblaze_0' [c:/Users/rikir/Documents/FPGA_projects/Vitis_project_on_SPI_flash/Vitis_project_on_SPI_flash.gen/sources_1/bd/design_1/synth/design_1.v:657]
WARNING: [Synth 8-7071] port 'M_AXI_IC_AWID' of module 'design_1_microblaze_0_1' is unconnected for instance 'microblaze_0' [c:/Users/rikir/Documents/FPGA_projects/Vitis_project_on_SPI_flash/Vitis_project_on_SPI_flash.gen/sources_1/bd/design_1/synth/design_1.v:657]
WARNING: [Synth 8-7071] port 'M_AXI_IC_AWADDR' of module 'design_1_microblaze_0_1' is unconnected for instance 'microblaze_0' [c:/Users/rikir/Documents/FPGA_projects/Vitis_project_on_SPI_flash/Vitis_project_on_SPI_flash.gen/sources_1/bd/design_1/synth/design_1.v:657]
WARNING: [Synth 8-7071] port 'M_AXI_IC_AWLEN' of module 'design_1_microblaze_0_1' is unconnected for instance 'microblaze_0' [c:/Users/rikir/Documents/FPGA_projects/Vitis_project_on_SPI_flash/Vitis_project_on_SPI_flash.gen/sources_1/bd/design_1/synth/design_1.v:657]
WARNING: [Synth 8-7071] port 'M_AXI_IC_AWSIZE' of module 'design_1_microblaze_0_1' is unconnected for instance 'microblaze_0' [c:/Users/rikir/Documents/FPGA_projects/Vitis_project_on_SPI_flash/Vitis_project_on_SPI_flash.gen/sources_1/bd/design_1/synth/design_1.v:657]
WARNING: [Synth 8-7071] port 'M_AXI_IC_AWBURST' of module 'design_1_microblaze_0_1' is unconnected for instance 'microblaze_0' [c:/Users/rikir/Documents/FPGA_projects/Vitis_project_on_SPI_flash/Vitis_project_on_SPI_flash.gen/sources_1/bd/design_1/synth/design_1.v:657]
WARNING: [Synth 8-7071] port 'M_AXI_IC_AWLOCK' of module 'design_1_microblaze_0_1' is unconnected for instance 'microblaze_0' [c:/Users/rikir/Documents/FPGA_projects/Vitis_project_on_SPI_flash/Vitis_project_on_SPI_flash.gen/sources_1/bd/design_1/synth/design_1.v:657]
WARNING: [Synth 8-7071] port 'M_AXI_IC_AWCACHE' of module 'design_1_microblaze_0_1' is unconnected for instance 'microblaze_0' [c:/Users/rikir/Documents/FPGA_projects/Vitis_project_on_SPI_flash/Vitis_project_on_SPI_flash.gen/sources_1/bd/design_1/synth/design_1.v:657]
WARNING: [Synth 8-7071] port 'M_AXI_IC_AWPROT' of module 'design_1_microblaze_0_1' is unconnected for instance 'microblaze_0' [c:/Users/rikir/Documents/FPGA_projects/Vitis_project_on_SPI_flash/Vitis_project_on_SPI_flash.gen/sources_1/bd/design_1/synth/design_1.v:657]
WARNING: [Synth 8-7071] port 'M_AXI_IC_AWQOS' of module 'design_1_microblaze_0_1' is unconnected for instance 'microblaze_0' [c:/Users/rikir/Documents/FPGA_projects/Vitis_project_on_SPI_flash/Vitis_project_on_SPI_flash.gen/sources_1/bd/design_1/synth/design_1.v:657]
WARNING: [Synth 8-7071] port 'M_AXI_IC_AWVALID' of module 'design_1_microblaze_0_1' is unconnected for instance 'microblaze_0' [c:/Users/rikir/Documents/FPGA_projects/Vitis_project_on_SPI_flash/Vitis_project_on_SPI_flash.gen/sources_1/bd/design_1/synth/design_1.v:657]
WARNING: [Synth 8-7071] port 'M_AXI_IC_WDATA' of module 'design_1_microblaze_0_1' is unconnected for instance 'microblaze_0' [c:/Users/rikir/Documents/FPGA_projects/Vitis_project_on_SPI_flash/Vitis_project_on_SPI_flash.gen/sources_1/bd/design_1/synth/design_1.v:657]
WARNING: [Synth 8-7071] port 'M_AXI_IC_WSTRB' of module 'design_1_microblaze_0_1' is unconnected for instance 'microblaze_0' [c:/Users/rikir/Documents/FPGA_projects/Vitis_project_on_SPI_flash/Vitis_project_on_SPI_flash.gen/sources_1/bd/design_1/synth/design_1.v:657]
WARNING: [Synth 8-7071] port 'M_AXI_IC_WLAST' of module 'design_1_microblaze_0_1' is unconnected for instance 'microblaze_0' [c:/Users/rikir/Documents/FPGA_projects/Vitis_project_on_SPI_flash/Vitis_project_on_SPI_flash.gen/sources_1/bd/design_1/synth/design_1.v:657]
WARNING: [Synth 8-7071] port 'M_AXI_IC_WVALID' of module 'design_1_microblaze_0_1' is unconnected for instance 'microblaze_0' [c:/Users/rikir/Documents/FPGA_projects/Vitis_project_on_SPI_flash/Vitis_project_on_SPI_flash.gen/sources_1/bd/design_1/synth/design_1.v:657]
WARNING: [Synth 8-7071] port 'M_AXI_IC_BREADY' of module 'design_1_microblaze_0_1' is unconnected for instance 'microblaze_0' [c:/Users/rikir/Documents/FPGA_projects/Vitis_project_on_SPI_flash/Vitis_project_on_SPI_flash.gen/sources_1/bd/design_1/synth/design_1.v:657]
WARNING: [Synth 8-7071] port 'M_AXI_IC_ARID' of module 'design_1_microblaze_0_1' is unconnected for instance 'microblaze_0' [c:/Users/rikir/Documents/FPGA_projects/Vitis_project_on_SPI_flash/Vitis_project_on_SPI_flash.gen/sources_1/bd/design_1/synth/design_1.v:657]
WARNING: [Synth 8-7071] port 'M_AXI_DC_AWID' of module 'design_1_microblaze_0_1' is unconnected for instance 'microblaze_0' [c:/Users/rikir/Documents/FPGA_projects/Vitis_project_on_SPI_flash/Vitis_project_on_SPI_flash.gen/sources_1/bd/design_1/synth/design_1.v:657]
WARNING: [Synth 8-7071] port 'M_AXI_DC_ARID' of module 'design_1_microblaze_0_1' is unconnected for instance 'microblaze_0' [c:/Users/rikir/Documents/FPGA_projects/Vitis_project_on_SPI_flash/Vitis_project_on_SPI_flash.gen/sources_1/bd/design_1/synth/design_1.v:657]
WARNING: [Synth 8-7023] instance 'microblaze_0' of module 'design_1_microblaze_0_1' has 126 connections declared, but only 107 given [c:/Users/rikir/Documents/FPGA_projects/Vitis_project_on_SPI_flash/Vitis_project_on_SPI_flash.gen/sources_1/bd/design_1/synth/design_1.v:657]
INFO: [Synth 8-6157] synthesizing module 'design_1_microblaze_0_axi_periph_4' [c:/Users/rikir/Documents/FPGA_projects/Vitis_project_on_SPI_flash/Vitis_project_on_SPI_flash.gen/sources_1/bd/design_1/synth/design_1.v:959]
INFO: [Synth 8-6157] synthesizing module 'm00_couplers_imp_8RVYHO' [c:/Users/rikir/Documents/FPGA_projects/Vitis_project_on_SPI_flash/Vitis_project_on_SPI_flash.gen/sources_1/bd/design_1/synth/design_1.v:1665]
INFO: [Synth 8-6155] done synthesizing module 'm00_couplers_imp_8RVYHO' (8#1) [c:/Users/rikir/Documents/FPGA_projects/Vitis_project_on_SPI_flash/Vitis_project_on_SPI_flash.gen/sources_1/bd/design_1/synth/design_1.v:1665]
INFO: [Synth 8-6157] synthesizing module 'm01_couplers_imp_1UTB3Y5' [c:/Users/rikir/Documents/FPGA_projects/Vitis_project_on_SPI_flash/Vitis_project_on_SPI_flash.gen/sources_1/bd/design_1/synth/design_1.v:1797]
INFO: [Synth 8-6155] done synthesizing module 'm01_couplers_imp_1UTB3Y5' (9#1) [c:/Users/rikir/Documents/FPGA_projects/Vitis_project_on_SPI_flash/Vitis_project_on_SPI_flash.gen/sources_1/bd/design_1/synth/design_1.v:1797]
INFO: [Synth 8-6157] synthesizing module 'm02_couplers_imp_7ANRHB' [c:/Users/rikir/Documents/FPGA_projects/Vitis_project_on_SPI_flash/Vitis_project_on_SPI_flash.gen/sources_1/bd/design_1/synth/design_1.v:1929]
INFO: [Synth 8-6155] done synthesizing module 'm02_couplers_imp_7ANRHB' (10#1) [c:/Users/rikir/Documents/FPGA_projects/Vitis_project_on_SPI_flash/Vitis_project_on_SPI_flash.gen/sources_1/bd/design_1/synth/design_1.v:1929]
INFO: [Synth 8-6157] synthesizing module 'm03_couplers_imp_1W07O72' [c:/Users/rikir/Documents/FPGA_projects/Vitis_project_on_SPI_flash/Vitis_project_on_SPI_flash.gen/sources_1/bd/design_1/synth/design_1.v:2061]
INFO: [Synth 8-6155] done synthesizing module 'm03_couplers_imp_1W07O72' (11#1) [c:/Users/rikir/Documents/FPGA_projects/Vitis_project_on_SPI_flash/Vitis_project_on_SPI_flash.gen/sources_1/bd/design_1/synth/design_1.v:2061]
INFO: [Synth 8-6157] synthesizing module 's00_couplers_imp_1RZP34U' [c:/Users/rikir/Documents/FPGA_projects/Vitis_project_on_SPI_flash/Vitis_project_on_SPI_flash.gen/sources_1/bd/design_1/synth/design_1.v:2427]
INFO: [Synth 8-6155] done synthesizing module 's00_couplers_imp_1RZP34U' (12#1) [c:/Users/rikir/Documents/FPGA_projects/Vitis_project_on_SPI_flash/Vitis_project_on_SPI_flash.gen/sources_1/bd/design_1/synth/design_1.v:2427]
INFO: [Synth 8-6157] synthesizing module 'design_1_xbar_2' [C:/Users/rikir/Documents/FPGA_projects/Vitis_project_on_SPI_flash/Vitis_project_on_SPI_flash.runs/synth_1/.Xil/Vivado-16184-LAPTOP-LB6J3CUA/realtime/design_1_xbar_2_stub.v:6]
INFO: [Synth 8-6155] done synthesizing module 'design_1_xbar_2' (13#1) [C:/Users/rikir/Documents/FPGA_projects/Vitis_project_on_SPI_flash/Vitis_project_on_SPI_flash.runs/synth_1/.Xil/Vivado-16184-LAPTOP-LB6J3CUA/realtime/design_1_xbar_2_stub.v:6]
WARNING: [Synth 8-7071] port 'm_axi_awprot' of module 'design_1_xbar_2' is unconnected for instance 'xbar' [c:/Users/rikir/Documents/FPGA_projects/Vitis_project_on_SPI_flash/Vitis_project_on_SPI_flash.gen/sources_1/bd/design_1/synth/design_1.v:1624]
WARNING: [Synth 8-7071] port 'm_axi_arprot' of module 'design_1_xbar_2' is unconnected for instance 'xbar' [c:/Users/rikir/Documents/FPGA_projects/Vitis_project_on_SPI_flash/Vitis_project_on_SPI_flash.gen/sources_1/bd/design_1/synth/design_1.v:1624]
WARNING: [Synth 8-7023] instance 'xbar' of module 'design_1_xbar_2' has 40 connections declared, but only 38 given [c:/Users/rikir/Documents/FPGA_projects/Vitis_project_on_SPI_flash/Vitis_project_on_SPI_flash.gen/sources_1/bd/design_1/synth/design_1.v:1624]
INFO: [Synth 8-6155] done synthesizing module 'design_1_microblaze_0_axi_periph_4' (14#1) [c:/Users/rikir/Documents/FPGA_projects/Vitis_project_on_SPI_flash/Vitis_project_on_SPI_flash.gen/sources_1/bd/design_1/synth/design_1.v:959]
INFO: [Synth 8-6157] synthesizing module 'microblaze_0_local_memory_imp_1K0VQXK' [c:/Users/rikir/Documents/FPGA_projects/Vitis_project_on_SPI_flash/Vitis_project_on_SPI_flash.gen/sources_1/bd/design_1/synth/design_1.v:2193]
INFO: [Synth 8-6157] synthesizing module 'design_1_dlmb_bram_if_cntlr_2' [C:/Users/rikir/Documents/FPGA_projects/Vitis_project_on_SPI_flash/Vitis_project_on_SPI_flash.runs/synth_1/.Xil/Vivado-16184-LAPTOP-LB6J3CUA/realtime/design_1_dlmb_bram_if_cntlr_2_stub.v:6]
INFO: [Synth 8-6155] done synthesizing module 'design_1_dlmb_bram_if_cntlr_2' (15#1) [C:/Users/rikir/Documents/FPGA_projects/Vitis_project_on_SPI_flash/Vitis_project_on_SPI_flash.runs/synth_1/.Xil/Vivado-16184-LAPTOP-LB6J3CUA/realtime/design_1_dlmb_bram_if_cntlr_2_stub.v:6]
INFO: [Synth 8-6157] synthesizing module 'design_1_dlmb_v10_2' [C:/Users/rikir/Documents/FPGA_projects/Vitis_project_on_SPI_flash/Vitis_project_on_SPI_flash.runs/synth_1/.Xil/Vivado-16184-LAPTOP-LB6J3CUA/realtime/design_1_dlmb_v10_2_stub.v:6]
INFO: [Synth 8-6155] done synthesizing module 'design_1_dlmb_v10_2' (16#1) [C:/Users/rikir/Documents/FPGA_projects/Vitis_project_on_SPI_flash/Vitis_project_on_SPI_flash.runs/synth_1/.Xil/Vivado-16184-LAPTOP-LB6J3CUA/realtime/design_1_dlmb_v10_2_stub.v:6]
WARNING: [Synth 8-7071] port 'LMB_Rst' of module 'design_1_dlmb_v10_2' is unconnected for instance 'dlmb_v10' [c:/Users/rikir/Documents/FPGA_projects/Vitis_project_on_SPI_flash/Vitis_project_on_SPI_flash.gen/sources_1/bd/design_1/synth/design_1.v:2339]
WARNING: [Synth 8-7023] instance 'dlmb_v10' of module 'design_1_dlmb_v10_2' has 25 connections declared, but only 24 given [c:/Users/rikir/Documents/FPGA_projects/Vitis_project_on_SPI_flash/Vitis_project_on_SPI_flash.gen/sources_1/bd/design_1/synth/design_1.v:2339]
INFO: [Synth 8-6157] synthesizing module 'design_1_ilmb_bram_if_cntlr_2' [C:/Users/rikir/Documents/FPGA_projects/Vitis_project_on_SPI_flash/Vitis_project_on_SPI_flash.runs/synth_1/.Xil/Vivado-16184-LAPTOP-LB6J3CUA/realtime/design_1_ilmb_bram_if_cntlr_2_stub.v:6]
INFO: [Synth 8-6155] done synthesizing module 'design_1_ilmb_bram_if_cntlr_2' (17#1) [C:/Users/rikir/Documents/FPGA_projects/Vitis_project_on_SPI_flash/Vitis_project_on_SPI_flash.runs/synth_1/.Xil/Vivado-16184-LAPTOP-LB6J3CUA/realtime/design_1_ilmb_bram_if_cntlr_2_stub.v:6]
INFO: [Synth 8-6157] synthesizing module 'design_1_ilmb_v10_2' [C:/Users/rikir/Documents/FPGA_projects/Vitis_project_on_SPI_flash/Vitis_project_on_SPI_flash.runs/synth_1/.Xil/Vivado-16184-LAPTOP-LB6J3CUA/realtime/design_1_ilmb_v10_2_stub.v:6]
INFO: [Synth 8-6155] done synthesizing module 'design_1_ilmb_v10_2' (18#1) [C:/Users/rikir/Documents/FPGA_projects/Vitis_project_on_SPI_flash/Vitis_project_on_SPI_flash.runs/synth_1/.Xil/Vivado-16184-LAPTOP-LB6J3CUA/realtime/design_1_ilmb_v10_2_stub.v:6]
WARNING: [Synth 8-7071] port 'LMB_Rst' of module 'design_1_ilmb_v10_2' is unconnected for instance 'ilmb_v10' [c:/Users/rikir/Documents/FPGA_projects/Vitis_project_on_SPI_flash/Vitis_project_on_SPI_flash.gen/sources_1/bd/design_1/synth/design_1.v:2385]
WARNING: [Synth 8-7023] instance 'ilmb_v10' of module 'design_1_ilmb_v10_2' has 25 connections declared, but only 24 given [c:/Users/rikir/Documents/FPGA_projects/Vitis_project_on_SPI_flash/Vitis_project_on_SPI_flash.gen/sources_1/bd/design_1/synth/design_1.v:2385]
INFO: [Synth 8-6157] synthesizing module 'design_1_lmb_bram_2' [C:/Users/rikir/Documents/FPGA_projects/Vitis_project_on_SPI_flash/Vitis_project_on_SPI_flash.runs/synth_1/.Xil/Vivado-16184-LAPTOP-LB6J3CUA/realtime/design_1_lmb_bram_2_stub.v:6]
INFO: [Synth 8-6155] done synthesizing module 'design_1_lmb_bram_2' (19#1) [C:/Users/rikir/Documents/FPGA_projects/Vitis_project_on_SPI_flash/Vitis_project_on_SPI_flash.runs/synth_1/.Xil/Vivado-16184-LAPTOP-LB6J3CUA/realtime/design_1_lmb_bram_2_stub.v:6]
WARNING: [Synth 8-7071] port 'rsta_busy' of module 'design_1_lmb_bram_2' is unconnected for instance 'lmb_bram' [c:/Users/rikir/Documents/FPGA_projects/Vitis_project_on_SPI_flash/Vitis_project_on_SPI_flash.gen/sources_1/bd/design_1/synth/design_1.v:2410]
WARNING: [Synth 8-7071] port 'rstb_busy' of module 'design_1_lmb_bram_2' is unconnected for instance 'lmb_bram' [c:/Users/rikir/Documents/FPGA_projects/Vitis_project_on_SPI_flash/Vitis_project_on_SPI_flash.gen/sources_1/bd/design_1/synth/design_1.v:2410]
WARNING: [Synth 8-7023] instance 'lmb_bram' of module 'design_1_lmb_bram_2' has 16 connections declared, but only 14 given [c:/Users/rikir/Documents/FPGA_projects/Vitis_project_on_SPI_flash/Vitis_project_on_SPI_flash.gen/sources_1/bd/design_1/synth/design_1.v:2410]
INFO: [Synth 8-6155] done synthesizing module 'microblaze_0_local_memory_imp_1K0VQXK' (20#1) [c:/Users/rikir/Documents/FPGA_projects/Vitis_project_on_SPI_flash/Vitis_project_on_SPI_flash.gen/sources_1/bd/design_1/synth/design_1.v:2193]
INFO: [Synth 8-6157] synthesizing module 'design_1_mig_7series_0_2' [C:/Users/rikir/Documents/FPGA_projects/Vitis_project_on_SPI_flash/Vitis_project_on_SPI_flash.runs/synth_1/.Xil/Vivado-16184-LAPTOP-LB6J3CUA/realtime/design_1_mig_7series_0_2_stub.v:5]
INFO: [Synth 8-6155] done synthesizing module 'design_1_mig_7series_0_2' (21#1) [C:/Users/rikir/Documents/FPGA_projects/Vitis_project_on_SPI_flash/Vitis_project_on_SPI_flash.runs/synth_1/.Xil/Vivado-16184-LAPTOP-LB6J3CUA/realtime/design_1_mig_7series_0_2_stub.v:5]
WARNING: [Synth 8-7071] port 'app_sr_active' of module 'design_1_mig_7series_0_2' is unconnected for instance 'mig_7series_0' [c:/Users/rikir/Documents/FPGA_projects/Vitis_project_on_SPI_flash/Vitis_project_on_SPI_flash.gen/sources_1/bd/design_1/synth/design_1.v:887]
WARNING: [Synth 8-7071] port 'app_ref_ack' of module 'design_1_mig_7series_0_2' is unconnected for instance 'mig_7series_0' [c:/Users/rikir/Documents/FPGA_projects/Vitis_project_on_SPI_flash/Vitis_project_on_SPI_flash.gen/sources_1/bd/design_1/synth/design_1.v:887]
WARNING: [Synth 8-7071] port 'app_zq_ack' of module 'design_1_mig_7series_0_2' is unconnected for instance 'mig_7series_0' [c:/Users/rikir/Documents/FPGA_projects/Vitis_project_on_SPI_flash/Vitis_project_on_SPI_flash.gen/sources_1/bd/design_1/synth/design_1.v:887]
WARNING: [Synth 8-7071] port 's_axi_bid' of module 'design_1_mig_7series_0_2' is unconnected for instance 'mig_7series_0' [c:/Users/rikir/Documents/FPGA_projects/Vitis_project_on_SPI_flash/Vitis_project_on_SPI_flash.gen/sources_1/bd/design_1/synth/design_1.v:887]
WARNING: [Synth 8-7071] port 's_axi_rid' of module 'design_1_mig_7series_0_2' is unconnected for instance 'mig_7series_0' [c:/Users/rikir/Documents/FPGA_projects/Vitis_project_on_SPI_flash/Vitis_project_on_SPI_flash.gen/sources_1/bd/design_1/synth/design_1.v:887]
WARNING: [Synth 8-7071] port 'init_calib_complete' of module 'design_1_mig_7series_0_2' is unconnected for instance 'mig_7series_0' [c:/Users/rikir/Documents/FPGA_projects/Vitis_project_on_SPI_flash/Vitis_project_on_SPI_flash.gen/sources_1/bd/design_1/synth/design_1.v:887]
WARNING: [Synth 8-7071] port 'device_temp' of module 'design_1_mig_7series_0_2' is unconnected for instance 'mig_7series_0' [c:/Users/rikir/Documents/FPGA_projects/Vitis_project_on_SPI_flash/Vitis_project_on_SPI_flash.gen/sources_1/bd/design_1/synth/design_1.v:887]
WARNING: [Synth 8-7023] instance 'mig_7series_0' of module 'design_1_mig_7series_0_2' has 64 connections declared, but only 57 given [c:/Users/rikir/Documents/FPGA_projects/Vitis_project_on_SPI_flash/Vitis_project_on_SPI_flash.gen/sources_1/bd/design_1/synth/design_1.v:887]
INFO: [Synth 8-6157] synthesizing module 'design_1_reset_inv_0_0' [C:/Users/rikir/Documents/FPGA_projects/Vitis_project_on_SPI_flash/Vitis_project_on_SPI_flash.runs/synth_1/.Xil/Vivado-16184-LAPTOP-LB6J3CUA/realtime/design_1_reset_inv_0_0_stub.v:6]
INFO: [Synth 8-6155] done synthesizing module 'design_1_reset_inv_0_0' (22#1) [C:/Users/rikir/Documents/FPGA_projects/Vitis_project_on_SPI_flash/Vitis_project_on_SPI_flash.runs/synth_1/.Xil/Vivado-16184-LAPTOP-LB6J3CUA/realtime/design_1_reset_inv_0_0_stub.v:6]
INFO: [Synth 8-6157] synthesizing module 'design_1_rst_mig_7series_0_83M_2' [C:/Users/rikir/Documents/FPGA_projects/Vitis_project_on_SPI_flash/Vitis_project_on_SPI_flash.runs/synth_1/.Xil/Vivado-16184-LAPTOP-LB6J3CUA/realtime/design_1_rst_mig_7series_0_83M_2_stub.v:6]
INFO: [Synth 8-6155] done synthesizing module 'design_1_rst_mig_7series_0_83M_2' (23#1) [C:/Users/rikir/Documents/FPGA_projects/Vitis_project_on_SPI_flash/Vitis_project_on_SPI_flash.runs/synth_1/.Xil/Vivado-16184-LAPTOP-LB6J3CUA/realtime/design_1_rst_mig_7series_0_83M_2_stub.v:6]
WARNING: [Synth 8-7071] port 'peripheral_reset' of module 'design_1_rst_mig_7series_0_83M_2' is unconnected for instance 'rst_mig_7series_0_83M' [c:/Users/rikir/Documents/FPGA_projects/Vitis_project_on_SPI_flash/Vitis_project_on_SPI_flash.gen/sources_1/bd/design_1/synth/design_1.v:948]
WARNING: [Synth 8-7071] port 'interconnect_aresetn' of module 'design_1_rst_mig_7series_0_83M_2' is unconnected for instance 'rst_mig_7series_0_83M' [c:/Users/rikir/Documents/FPGA_projects/Vitis_project_on_SPI_flash/Vitis_project_on_SPI_flash.gen/sources_1/bd/design_1/synth/design_1.v:948]
WARNING: [Synth 8-7023] instance 'rst_mig_7series_0_83M' of module 'design_1_rst_mig_7series_0_83M_2' has 10 connections declared, but only 8 given [c:/Users/rikir/Documents/FPGA_projects/Vitis_project_on_SPI_flash/Vitis_project_on_SPI_flash.gen/sources_1/bd/design_1/synth/design_1.v:948]
INFO: [Synth 8-6155] done synthesizing module 'design_1' (24#1) [c:/Users/rikir/Documents/FPGA_projects/Vitis_project_on_SPI_flash/Vitis_project_on_SPI_flash.gen/sources_1/bd/design_1/synth/design_1.v:13]
INFO: [Synth 8-6157] synthesizing module 'IOBUF' [D:/Xilinx/Vivado/2021.2/scripts/rt/data/unisim_comp.v:59735]
INFO: [Synth 8-6155] done synthesizing module 'IOBUF' (25#1) [D:/Xilinx/Vivado/2021.2/scripts/rt/data/unisim_comp.v:59735]
INFO: [Synth 8-6155] done synthesizing module 'design_1_wrapper' (26#1) [C:/Users/rikir/Documents/FPGA_projects/Vitis_project_on_SPI_flash/Vitis_project_on_SPI_flash.gen/sources_1/bd/design_1/hdl/design_1_wrapper.v:12]
WARNING: [Synth 8-7129] Port M_ACLK in module s00_couplers_imp_1RZP34U is either unconnected or has no load
WARNING: [Synth 8-7129] Port M_ARESETN in module s00_couplers_imp_1RZP34U is either unconnected or has no load
WARNING: [Synth 8-7129] Port S_ACLK in module s00_couplers_imp_1RZP34U is either unconnected or has no load
WARNING: [Synth 8-7129] Port S_ARESETN in module s00_couplers_imp_1RZP34U is either unconnected or has no load
WARNING: [Synth 8-7129] Port M_ACLK in module m03_couplers_imp_1W07O72 is either unconnected or has no load
WARNING: [Synth 8-7129] Port M_ARESETN in module m03_couplers_imp_1W07O72 is either unconnected or has no load
WARNING: [Synth 8-7129] Port S_ACLK in module m03_couplers_imp_1W07O72 is either unconnected or has no load
WARNING: [Synth 8-7129] Port S_ARESETN in module m03_couplers_imp_1W07O72 is either unconnected or has no load
WARNING: [Synth 8-7129] Port M_ACLK in module m02_couplers_imp_7ANRHB is either unconnected or has no load
WARNING: [Synth 8-7129] Port M_ARESETN in module m02_couplers_imp_7ANRHB is either unconnected or has no load
WARNING: [Synth 8-7129] Port S_ACLK in module m02_couplers_imp_7ANRHB is either unconnected or has no load
WARNING: [Synth 8-7129] Port S_ARESETN in module m02_couplers_imp_7ANRHB is either unconnected or has no load
WARNING: [Synth 8-7129] Port M_ACLK in module m01_couplers_imp_1UTB3Y5 is either unconnected or has no load
WARNING: [Synth 8-7129] Port M_ARESETN in module m01_couplers_imp_1UTB3Y5 is either unconnected or has no load
WARNING: [Synth 8-7129] Port S_ACLK in module m01_couplers_imp_1UTB3Y5 is either unconnected or has no load
WARNING: [Synth 8-7129] Port S_ARESETN in module m01_couplers_imp_1UTB3Y5 is either unconnected or has no load
WARNING: [Synth 8-7129] Port M_ACLK in module m00_couplers_imp_8RVYHO is either unconnected or has no load
WARNING: [Synth 8-7129] Port M_ARESETN in module m00_couplers_imp_8RVYHO is either unconnected or has no load
WARNING: [Synth 8-7129] Port S_ACLK in module m00_couplers_imp_8RVYHO is either unconnected or has no load
WARNING: [Synth 8-7129] Port S_ARESETN in module m00_couplers_imp_8RVYHO is either unconnected or has no load
WARNING: [Synth 8-7129] Port M00_ACLK in module design_1_microblaze_0_axi_periph_4 is either unconnected or has no load
WARNING: [Synth 8-7129] Port M00_ARESETN in module design_1_microblaze_0_axi_periph_4 is either unconnected or has no load
WARNING: [Synth 8-7129] Port M01_ACLK in module design_1_microblaze_0_axi_periph_4 is either unconnected or has no load
WARNING: [Synth 8-7129] Port M01_ARESETN in module design_1_microblaze_0_axi_periph_4 is either unconnected or has no load
WARNING: [Synth 8-7129] Port M02_ACLK in module design_1_microblaze_0_axi_periph_4 is either unconnected or has no load
WARNING: [Synth 8-7129] Port M02_ARESETN in module design_1_microblaze_0_axi_periph_4 is either unconnected or has no load
WARNING: [Synth 8-7129] Port M03_ACLK in module design_1_microblaze_0_axi_periph_4 is either unconnected or has no load
WARNING: [Synth 8-7129] Port M03_ARESETN in module design_1_microblaze_0_axi_periph_4 is either unconnected or has no load
WARNING: [Synth 8-7129] Port S00_ACLK in module design_1_microblaze_0_axi_periph_4 is either unconnected or has no load
WARNING: [Synth 8-7129] Port S00_ARESETN in module design_1_microblaze_0_axi_periph_4 is either unconnected or has no load
---------------------------------------------------------------------------------
Finished RTL Elaboration : Time (s): cpu = 00:00:07 ; elapsed = 00:00:08 . Memory (MB): peak = 1445.938 ; gain = 0.000
---------------------------------------------------------------------------------
---------------------------------------------------------------------------------
Start Handling Custom Attributes
---------------------------------------------------------------------------------
---------------------------------------------------------------------------------
Finished Handling Custom Attributes : Time (s): cpu = 00:00:08 ; elapsed = 00:00:09 . Memory (MB): peak = 1462.699 ; gain = 16.762
---------------------------------------------------------------------------------
---------------------------------------------------------------------------------
Finished RTL Optimization Phase 1 : Time (s): cpu = 00:00:08 ; elapsed = 00:00:09 . Memory (MB): peak = 1462.699 ; gain = 16.762
---------------------------------------------------------------------------------
Netlist sorting complete. Time (s): cpu = 00:00:00 ; elapsed = 00:00:00.051 . Memory (MB): peak = 1474.719 ; gain = 0.000
INFO: [Netlist 29-17] Analyzing 12 Unisim elements for replacement
INFO: [Netlist 29-28] Unisim Transformation completed in 0 CPU seconds
INFO: [Project 1-570] Preparing netlist for logic optimization

Processing XDC Constraints
Initializing timing engine
Parsing XDC File [c:/Users/rikir/Documents/FPGA_projects/Vitis_project_on_SPI_flash/Vitis_project_on_SPI_flash.gen/sources_1/bd/design_1/ip/design_1_clk_wiz_0_0/design_1_clk_wiz_0_0/design_1_clk_wiz_0_0_in_context.xdc] for cell 'design_1_i/CLOCKING_WIZARD'
Finished Parsing XDC File [c:/Users/rikir/Documents/FPGA_projects/Vitis_project_on_SPI_flash/Vitis_project_on_SPI_flash.gen/sources_1/bd/design_1/ip/design_1_clk_wiz_0_0/design_1_clk_wiz_0_0/design_1_clk_wiz_0_0_in_context.xdc] for cell 'design_1_i/CLOCKING_WIZARD'
Parsing XDC File [c:/Users/rikir/Documents/FPGA_projects/Vitis_project_on_SPI_flash/Vitis_project_on_SPI_flash.gen/sources_1/bd/design_1/ip/design_1_mig_7series_0_2/design_1_mig_7series_0_2/design_1_mig_7series_0_2_in_context.xdc] for cell 'design_1_i/mig_7series_0'
Finished Parsing XDC File [c:/Users/rikir/Documents/FPGA_projects/Vitis_project_on_SPI_flash/Vitis_project_on_SPI_flash.gen/sources_1/bd/design_1/ip/design_1_mig_7series_0_2/design_1_mig_7series_0_2/design_1_mig_7series_0_2_in_context.xdc] for cell 'design_1_i/mig_7series_0'
Parsing XDC File [c:/Users/rikir/Documents/FPGA_projects/Vitis_project_on_SPI_flash/Vitis_project_on_SPI_flash.gen/sources_1/bd/design_1/ip/design_1_reset_inv_0_0/design_1_reset_inv_0_0/design_1_reset_inv_0_0_in_context.xdc] for cell 'design_1_i/reset_inv_0'
Finished Parsing XDC File [c:/Users/rikir/Documents/FPGA_projects/Vitis_project_on_SPI_flash/Vitis_project_on_SPI_flash.gen/sources_1/bd/design_1/ip/design_1_reset_inv_0_0/design_1_reset_inv_0_0/design_1_reset_inv_0_0_in_context.xdc] for cell 'design_1_i/reset_inv_0'
Parsing XDC File [c:/Users/rikir/Documents/FPGA_projects/Vitis_project_on_SPI_flash/Vitis_project_on_SPI_flash.gen/sources_1/bd/design_1/ip/design_1_microblaze_0_1/design_1_microblaze_0_1/design_1_microblaze_0_1_in_context.xdc] for cell 'design_1_i/microblaze_0'
Finished Parsing XDC File [c:/Users/rikir/Documents/FPGA_projects/Vitis_project_on_SPI_flash/Vitis_project_on_SPI_flash.gen/sources_1/bd/design_1/ip/design_1_microblaze_0_1/design_1_microblaze_0_1/design_1_microblaze_0_1_in_context.xdc] for cell 'design_1_i/microblaze_0'
Parsing XDC File [c:/Users/rikir/Documents/FPGA_projects/Vitis_project_on_SPI_flash/Vitis_project_on_SPI_flash.gen/sources_1/bd/design_1/ip/design_1_dlmb_v10_2/design_1_dlmb_v10_2/design_1_ilmb_v10_2_in_context.xdc] for cell 'design_1_i/microblaze_0_local_memory/dlmb_v10'
Finished Parsing XDC File [c:/Users/rikir/Documents/FPGA_projects/Vitis_project_on_SPI_flash/Vitis_project_on_SPI_flash.gen/sources_1/bd/design_1/ip/design_1_dlmb_v10_2/design_1_dlmb_v10_2/design_1_ilmb_v10_2_in_context.xdc] for cell 'design_1_i/microblaze_0_local_memory/dlmb_v10'
Parsing XDC File [c:/Users/rikir/Documents/FPGA_projects/Vitis_project_on_SPI_flash/Vitis_project_on_SPI_flash.gen/sources_1/bd/design_1/ip/design_1_ilmb_v10_2/design_1_ilmb_v10_2/design_1_ilmb_v10_2_in_context.xdc] for cell 'design_1_i/microblaze_0_local_memory/ilmb_v10'
Finished Parsing XDC File [c:/Users/rikir/Documents/FPGA_projects/Vitis_project_on_SPI_flash/Vitis_project_on_SPI_flash.gen/sources_1/bd/design_1/ip/design_1_ilmb_v10_2/design_1_ilmb_v10_2/design_1_ilmb_v10_2_in_context.xdc] for cell 'design_1_i/microblaze_0_local_memory/ilmb_v10'
Parsing XDC File [c:/Users/rikir/Documents/FPGA_projects/Vitis_project_on_SPI_flash/Vitis_project_on_SPI_flash.gen/sources_1/bd/design_1/ip/design_1_dlmb_bram_if_cntlr_2/design_1_dlmb_bram_if_cntlr_2/design_1_dlmb_bram_if_cntlr_2_in_context.xdc] for cell 'design_1_i/microblaze_0_local_memory/dlmb_bram_if_cntlr'
Finished Parsing XDC File [c:/Users/rikir/Documents/FPGA_projects/Vitis_project_on_SPI_flash/Vitis_project_on_SPI_flash.gen/sources_1/bd/design_1/ip/design_1_dlmb_bram_if_cntlr_2/design_1_dlmb_bram_if_cntlr_2/design_1_dlmb_bram_if_cntlr_2_in_context.xdc] for cell 'design_1_i/microblaze_0_local_memory/dlmb_bram_if_cntlr'
Parsing XDC File [c:/Users/rikir/Documents/FPGA_projects/Vitis_project_on_SPI_flash/Vitis_project_on_SPI_flash.gen/sources_1/bd/design_1/ip/design_1_ilmb_bram_if_cntlr_2/design_1_ilmb_bram_if_cntlr_2/design_1_ilmb_bram_if_cntlr_2_in_context.xdc] for cell 'design_1_i/microblaze_0_local_memory/ilmb_bram_if_cntlr'
Finished Parsing XDC File [c:/Users/rikir/Documents/FPGA_projects/Vitis_project_on_SPI_flash/Vitis_project_on_SPI_flash.gen/sources_1/bd/design_1/ip/design_1_ilmb_bram_if_cntlr_2/design_1_ilmb_bram_if_cntlr_2/design_1_ilmb_bram_if_cntlr_2_in_context.xdc] for cell 'design_1_i/microblaze_0_local_memory/ilmb_bram_if_cntlr'
Parsing XDC File [c:/Users/rikir/Documents/FPGA_projects/Vitis_project_on_SPI_flash/Vitis_project_on_SPI_flash.gen/sources_1/bd/design_1/ip/design_1_lmb_bram_2/design_1_lmb_bram_2/design_1_lmb_bram_2_in_context.xdc] for cell 'design_1_i/microblaze_0_local_memory/lmb_bram'
Finished Parsing XDC File [c:/Users/rikir/Documents/FPGA_projects/Vitis_project_on_SPI_flash/Vitis_project_on_SPI_flash.gen/sources_1/bd/design_1/ip/design_1_lmb_bram_2/design_1_lmb_bram_2/design_1_lmb_bram_2_in_context.xdc] for cell 'design_1_i/microblaze_0_local_memory/lmb_bram'
Parsing XDC File [c:/Users/rikir/Documents/FPGA_projects/Vitis_project_on_SPI_flash/Vitis_project_on_SPI_flash.gen/sources_1/bd/design_1/ip/design_1_mdm_1_2/design_1_mdm_1_2/design_1_mdm_1_0_in_context.xdc] for cell 'design_1_i/mdm_1'
Finished Parsing XDC File [c:/Users/rikir/Documents/FPGA_projects/Vitis_project_on_SPI_flash/Vitis_project_on_SPI_flash.gen/sources_1/bd/design_1/ip/design_1_mdm_1_2/design_1_mdm_1_2/design_1_mdm_1_0_in_context.xdc] for cell 'design_1_i/mdm_1'
Parsing XDC File [c:/Users/rikir/Documents/FPGA_projects/Vitis_project_on_SPI_flash/Vitis_project_on_SPI_flash.gen/sources_1/bd/design_1/ip/design_1_rst_mig_7series_0_83M_2/design_1_rst_mig_7series_0_83M_2/design_1_rst_mig_7series_0_83M_0_in_context.xdc] for cell 'design_1_i/rst_mig_7series_0_83M'
Finished Parsing XDC File [c:/Users/rikir/Documents/FPGA_projects/Vitis_project_on_SPI_flash/Vitis_project_on_SPI_flash.gen/sources_1/bd/design_1/ip/design_1_rst_mig_7series_0_83M_2/design_1_rst_mig_7series_0_83M_2/design_1_rst_mig_7series_0_83M_0_in_context.xdc] for cell 'design_1_i/rst_mig_7series_0_83M'
Parsing XDC File [c:/Users/rikir/Documents/FPGA_projects/Vitis_project_on_SPI_flash/Vitis_project_on_SPI_flash.gen/sources_1/bd/design_1/ip/design_1_axi_uartlite_0_2/design_1_axi_uartlite_0_2/design_1_axi_uartlite_0_2_in_context.xdc] for cell 'design_1_i/axi_uartlite_0'
Finished Parsing XDC File [c:/Users/rikir/Documents/FPGA_projects/Vitis_project_on_SPI_flash/Vitis_project_on_SPI_flash.gen/sources_1/bd/design_1/ip/design_1_axi_uartlite_0_2/design_1_axi_uartlite_0_2/design_1_axi_uartlite_0_2_in_context.xdc] for cell 'design_1_i/axi_uartlite_0'
Parsing XDC File [c:/Users/rikir/Documents/FPGA_projects/Vitis_project_on_SPI_flash/Vitis_project_on_SPI_flash.gen/sources_1/bd/design_1/ip/design_1_axi_quad_spi_0_1/design_1_axi_quad_spi_0_1/design_1_axi_quad_spi_0_1_in_context.xdc] for cell 'design_1_i/axi_quad_spi_0'
Finished Parsing XDC File [c:/Users/rikir/Documents/FPGA_projects/Vitis_project_on_SPI_flash/Vitis_project_on_SPI_flash.gen/sources_1/bd/design_1/ip/design_1_axi_quad_spi_0_1/design_1_axi_quad_spi_0_1/design_1_axi_quad_spi_0_1_in_context.xdc] for cell 'design_1_i/axi_quad_spi_0'
Parsing XDC File [c:/Users/rikir/Documents/FPGA_projects/Vitis_project_on_SPI_flash/Vitis_project_on_SPI_flash.gen/sources_1/bd/design_1/ip/design_1_xbar_2/design_1_xbar_2/design_1_xbar_2_in_context.xdc] for cell 'design_1_i/microblaze_0_axi_periph/xbar'
Finished Parsing XDC File [c:/Users/rikir/Documents/FPGA_projects/Vitis_project_on_SPI_flash/Vitis_project_on_SPI_flash.gen/sources_1/bd/design_1/ip/design_1_xbar_2/design_1_xbar_2/design_1_xbar_2_in_context.xdc] for cell 'design_1_i/microblaze_0_axi_periph/xbar'
Parsing XDC File [c:/Users/rikir/Documents/FPGA_projects/Vitis_project_on_SPI_flash/Vitis_project_on_SPI_flash.gen/sources_1/bd/design_1/ip/design_1_axi_smc_1/design_1_axi_smc_1/design_1_axi_smc_1_in_context.xdc] for cell 'design_1_i/axi_smc'
Finished Parsing XDC File [c:/Users/rikir/Documents/FPGA_projects/Vitis_project_on_SPI_flash/Vitis_project_on_SPI_flash.gen/sources_1/bd/design_1/ip/design_1_axi_smc_1/design_1_axi_smc_1/design_1_axi_smc_1_in_context.xdc] for cell 'design_1_i/axi_smc'
Parsing XDC File [c:/Users/rikir/Documents/FPGA_projects/Vitis_project_on_SPI_flash/Vitis_project_on_SPI_flash.gen/sources_1/bd/design_1/ip/design_1_PmodSD_0_0/design_1_PmodSD_0_0/design_1_PmodSD_0_0_in_context.xdc] for cell 'design_1_i/PmodSD_0'
Finished Parsing XDC File [c:/Users/rikir/Documents/FPGA_projects/Vitis_project_on_SPI_flash/Vitis_project_on_SPI_flash.gen/sources_1/bd/design_1/ip/design_1_PmodSD_0_0/design_1_PmodSD_0_0/design_1_PmodSD_0_0_in_context.xdc] for cell 'design_1_i/PmodSD_0'
Parsing XDC File [C:/Users/rikir/Documents/FPGA_projects/Vitis_project_on_SPI_flash/Vitis_project_on_SPI_flash.srcs/constrs_1/imports/digilent-xdc-master/Arty-A7-35-Master.xdc]
Finished Parsing XDC File [C:/Users/rikir/Documents/FPGA_projects/Vitis_project_on_SPI_flash/Vitis_project_on_SPI_flash.srcs/constrs_1/imports/digilent-xdc-master/Arty-A7-35-Master.xdc]
INFO: [Project 1-236] Implementation specific constraints were found while reading constraint file [C:/Users/rikir/Documents/FPGA_projects/Vitis_project_on_SPI_flash/Vitis_project_on_SPI_flash.srcs/constrs_1/imports/digilent-xdc-master/Arty-A7-35-Master.xdc]. These constraints will be ignored for synthesis but will be used in implementation. Impacted constraints are listed in the file [.Xil/design_1_wrapper_propImpl.xdc].
Resolution: To avoid this warning, move constraints listed in [.Xil/design_1_wrapper_propImpl.xdc] to another XDC file and exclude this new file from synthesis with the used_in_synthesis property (File Properties dialog in GUI) and re-run elaboration/synthesis.
Parsing XDC File [C:/Users/rikir/Documents/FPGA_projects/Vitis_project_on_SPI_flash/Vitis_project_on_SPI_flash.runs/synth_1/dont_touch.xdc]
Finished Parsing XDC File [C:/Users/rikir/Documents/FPGA_projects/Vitis_project_on_SPI_flash/Vitis_project_on_SPI_flash.runs/synth_1/dont_touch.xdc]
Completed Processing XDC Constraints

Netlist sorting complete. Time (s): cpu = 00:00:00 ; elapsed = 00:00:00 . Memory (MB): peak = 1565.125 ; gain = 0.000
INFO: [Project 1-111] Unisim Transformation Summary:
  A total of 12 instances were transformed.
  IOBUF => IOBUF (IBUF, OBUFT): 12 instances

Constraint Validation Runtime : Time (s): cpu = 00:00:00 ; elapsed = 00:00:00.014 . Memory (MB): peak = 1565.125 ; gain = 0.000
WARNING: [Timing 38-316] Clock period '20.000' specified during out-of-context synthesis of instance 'design_1_i/axi_quad_spi_0' at clock pin 'ext_spi_clk' is different from the actual clock period '6.000', this can lead to different synthesis results.
WARNING: [Timing 38-316] Clock period '20.000' specified during out-of-context synthesis of instance 'design_1_i/microblaze_0_local_memory/lmb_bram' at clock pin 'clka' is different from the actual clock period '12.000', this can lead to different synthesis results.
WARNING: [Designutils 20-4072] Reference run did not run incremental synthesis because the design is too small; reverting to default synthesis
INFO: [Designutils 20-4379] Flow is switching to default flow due to incremental criteria not met. If you would like to alter this behaviour and have the flow terminate instead, please set the following parameter config_implementation {autoIncr.Synth.RejectBehavior Terminate}
---------------------------------------------------------------------------------
Finished Constraint Validation : Time (s): cpu = 00:00:15 ; elapsed = 00:00:17 . Memory (MB): peak = 1568.148 ; gain = 122.211
---------------------------------------------------------------------------------
---------------------------------------------------------------------------------
Start Loading Part and Timing Information
---------------------------------------------------------------------------------
Loading part: xc7a35ticsg324-1L
---------------------------------------------------------------------------------
Finished Loading Part and Timing Information : Time (s): cpu = 00:00:15 ; elapsed = 00:00:17 . Memory (MB): peak = 1568.148 ; gain = 122.211
---------------------------------------------------------------------------------
---------------------------------------------------------------------------------
Start Applying 'set_property' XDC Constraints
---------------------------------------------------------------------------------
Applied set_property IO_BUFFER_TYPE = NONE for sys_clock. (constraint file  c:/Users/rikir/Documents/FPGA_projects/Vitis_project_on_SPI_flash/Vitis_project_on_SPI_flash.gen/sources_1/bd/design_1/ip/design_1_clk_wiz_0_0/design_1_clk_wiz_0_0/design_1_clk_wiz_0_0_in_context.xdc, line 5).
Applied set_property CLOCK_BUFFER_TYPE = NONE for sys_clock. (constraint file  c:/Users/rikir/Documents/FPGA_projects/Vitis_project_on_SPI_flash/Vitis_project_on_SPI_flash.gen/sources_1/bd/design_1/ip/design_1_clk_wiz_0_0/design_1_clk_wiz_0_0/design_1_clk_wiz_0_0_in_context.xdc, line 6).
Applied set_property IO_BUFFER_TYPE = NONE for ddr3_sdram_addr[0]. (constraint file  c:/Users/rikir/Documents/FPGA_projects/Vitis_project_on_SPI_flash/Vitis_project_on_SPI_flash.gen/sources_1/bd/design_1/ip/design_1_mig_7series_0_2/design_1_mig_7series_0_2/design_1_mig_7series_0_2_in_context.xdc, line 2).
Applied set_property CLOCK_BUFFER_TYPE = NONE for ddr3_sdram_addr[0]. (constraint file  c:/Users/rikir/Documents/FPGA_projects/Vitis_project_on_SPI_flash/Vitis_project_on_SPI_flash.gen/sources_1/bd/design_1/ip/design_1_mig_7series_0_2/design_1_mig_7series_0_2/design_1_mig_7series_0_2_in_context.xdc, line 3).
Applied set_property IO_BUFFER_TYPE = NONE for ddr3_sdram_addr[10]. (constraint file  c:/Users/rikir/Documents/FPGA_projects/Vitis_project_on_SPI_flash/Vitis_project_on_SPI_flash.gen/sources_1/bd/design_1/ip/design_1_mig_7series_0_2/design_1_mig_7series_0_2/design_1_mig_7series_0_2_in_context.xdc, line 4).
Applied set_property CLOCK_BUFFER_TYPE = NONE for ddr3_sdram_addr[10]. (constraint file  c:/Users/rikir/Documents/FPGA_projects/Vitis_project_on_SPI_flash/Vitis_project_on_SPI_flash.gen/sources_1/bd/design_1/ip/design_1_mig_7series_0_2/design_1_mig_7series_0_2/design_1_mig_7series_0_2_in_context.xdc, line 5).
Applied set_property IO_BUFFER_TYPE = NONE for ddr3_sdram_addr[11]. (constraint file  c:/Users/rikir/Documents/FPGA_projects/Vitis_project_on_SPI_flash/Vitis_project_on_SPI_flash.gen/sources_1/bd/design_1/ip/design_1_mig_7series_0_2/design_1_mig_7series_0_2/design_1_mig_7series_0_2_in_context.xdc, line 6).
Applied set_property CLOCK_BUFFER_TYPE = NONE for ddr3_sdram_addr[11]. (constraint file  c:/Users/rikir/Documents/FPGA_projects/Vitis_project_on_SPI_flash/Vitis_project_on_SPI_flash.gen/sources_1/bd/design_1/ip/design_1_mig_7series_0_2/design_1_mig_7series_0_2/design_1_mig_7series_0_2_in_context.xdc, line 7).
Applied set_property IO_BUFFER_TYPE = NONE for ddr3_sdram_addr[12]. (constraint file  c:/Users/rikir/Documents/FPGA_projects/Vitis_project_on_SPI_flash/Vitis_project_on_SPI_flash.gen/sources_1/bd/design_1/ip/design_1_mig_7series_0_2/design_1_mig_7series_0_2/design_1_mig_7series_0_2_in_context.xdc, line 8).
Applied set_property CLOCK_BUFFER_TYPE = NONE for ddr3_sdram_addr[12]. (constraint file  c:/Users/rikir/Documents/FPGA_projects/Vitis_project_on_SPI_flash/Vitis_project_on_SPI_flash.gen/sources_1/bd/design_1/ip/design_1_mig_7series_0_2/design_1_mig_7series_0_2/design_1_mig_7series_0_2_in_context.xdc, line 9).
Applied set_property IO_BUFFER_TYPE = NONE for ddr3_sdram_addr[13]. (constraint file  c:/Users/rikir/Documents/FPGA_projects/Vitis_project_on_SPI_flash/Vitis_project_on_SPI_flash.gen/sources_1/bd/design_1/ip/design_1_mig_7series_0_2/design_1_mig_7series_0_2/design_1_mig_7series_0_2_in_context.xdc, line 10).
Applied set_property CLOCK_BUFFER_TYPE = NONE for ddr3_sdram_addr[13]. (constraint file  c:/Users/rikir/Documents/FPGA_projects/Vitis_project_on_SPI_flash/Vitis_project_on_SPI_flash.gen/sources_1/bd/design_1/ip/design_1_mig_7series_0_2/design_1_mig_7series_0_2/design_1_mig_7series_0_2_in_context.xdc, line 11).
Applied set_property IO_BUFFER_TYPE = NONE for ddr3_sdram_addr[1]. (constraint file  c:/Users/rikir/Documents/FPGA_projects/Vitis_project_on_SPI_flash/Vitis_project_on_SPI_flash.gen/sources_1/bd/design_1/ip/design_1_mig_7series_0_2/design_1_mig_7series_0_2/design_1_mig_7series_0_2_in_context.xdc, line 12).
Applied set_property CLOCK_BUFFER_TYPE = NONE for ddr3_sdram_addr[1]. (constraint file  c:/Users/rikir/Documents/FPGA_projects/Vitis_project_on_SPI_flash/Vitis_project_on_SPI_flash.gen/sources_1/bd/design_1/ip/design_1_mig_7series_0_2/design_1_mig_7series_0_2/design_1_mig_7series_0_2_in_context.xdc, line 13).
Applied set_property IO_BUFFER_TYPE = NONE for ddr3_sdram_addr[2]. (constraint file  c:/Users/rikir/Documents/FPGA_projects/Vitis_project_on_SPI_flash/Vitis_project_on_SPI_flash.gen/sources_1/bd/design_1/ip/design_1_mig_7series_0_2/design_1_mig_7series_0_2/design_1_mig_7series_0_2_in_context.xdc, line 14).
Applied set_property CLOCK_BUFFER_TYPE = NONE for ddr3_sdram_addr[2]. (constraint file  c:/Users/rikir/Documents/FPGA_projects/Vitis_project_on_SPI_flash/Vitis_project_on_SPI_flash.gen/sources_1/bd/design_1/ip/design_1_mig_7series_0_2/design_1_mig_7series_0_2/design_1_mig_7series_0_2_in_context.xdc, line 15).
Applied set_property IO_BUFFER_TYPE = NONE for ddr3_sdram_addr[3]. (constraint file  c:/Users/rikir/Documents/FPGA_projects/Vitis_project_on_SPI_flash/Vitis_project_on_SPI_flash.gen/sources_1/bd/design_1/ip/design_1_mig_7series_0_2/design_1_mig_7series_0_2/design_1_mig_7series_0_2_in_context.xdc, line 16).
Applied set_property CLOCK_BUFFER_TYPE = NONE for ddr3_sdram_addr[3]. (constraint file  c:/Users/rikir/Documents/FPGA_projects/Vitis_project_on_SPI_flash/Vitis_project_on_SPI_flash.gen/sources_1/bd/design_1/ip/design_1_mig_7series_0_2/design_1_mig_7series_0_2/design_1_mig_7series_0_2_in_context.xdc, line 17).
Applied set_property IO_BUFFER_TYPE = NONE for ddr3_sdram_addr[4]. (constraint file  c:/Users/rikir/Documents/FPGA_projects/Vitis_project_on_SPI_flash/Vitis_project_on_SPI_flash.gen/sources_1/bd/design_1/ip/design_1_mig_7series_0_2/design_1_mig_7series_0_2/design_1_mig_7series_0_2_in_context.xdc, line 18).
Applied set_property CLOCK_BUFFER_TYPE = NONE for ddr3_sdram_addr[4]. (constraint file  c:/Users/rikir/Documents/FPGA_projects/Vitis_project_on_SPI_flash/Vitis_project_on_SPI_flash.gen/sources_1/bd/design_1/ip/design_1_mig_7series_0_2/design_1_mig_7series_0_2/design_1_mig_7series_0_2_in_context.xdc, line 19).
Applied set_property IO_BUFFER_TYPE = NONE for ddr3_sdram_addr[5]. (constraint file  c:/Users/rikir/Documents/FPGA_projects/Vitis_project_on_SPI_flash/Vitis_project_on_SPI_flash.gen/sources_1/bd/design_1/ip/design_1_mig_7series_0_2/design_1_mig_7series_0_2/design_1_mig_7series_0_2_in_context.xdc, line 20).
Applied set_property CLOCK_BUFFER_TYPE = NONE for ddr3_sdram_addr[5]. (constraint file  c:/Users/rikir/Documents/FPGA_projects/Vitis_project_on_SPI_flash/Vitis_project_on_SPI_flash.gen/sources_1/bd/design_1/ip/design_1_mig_7series_0_2/design_1_mig_7series_0_2/design_1_mig_7series_0_2_in_context.xdc, line 21).
Applied set_property IO_BUFFER_TYPE = NONE for ddr3_sdram_addr[6]. (constraint file  c:/Users/rikir/Documents/FPGA_projects/Vitis_project_on_SPI_flash/Vitis_project_on_SPI_flash.gen/sources_1/bd/design_1/ip/design_1_mig_7series_0_2/design_1_mig_7series_0_2/design_1_mig_7series_0_2_in_context.xdc, line 22).
Applied set_property CLOCK_BUFFER_TYPE = NONE for ddr3_sdram_addr[6]. (constraint file  c:/Users/rikir/Documents/FPGA_projects/Vitis_project_on_SPI_flash/Vitis_project_on_SPI_flash.gen/sources_1/bd/design_1/ip/design_1_mig_7series_0_2/design_1_mig_7series_0_2/design_1_mig_7series_0_2_in_context.xdc, line 23).
Applied set_property IO_BUFFER_TYPE = NONE for ddr3_sdram_addr[7]. (constraint file  c:/Users/rikir/Documents/FPGA_projects/Vitis_project_on_SPI_flash/Vitis_project_on_SPI_flash.gen/sources_1/bd/design_1/ip/design_1_mig_7series_0_2/design_1_mig_7series_0_2/design_1_mig_7series_0_2_in_context.xdc, line 24).
Applied set_property CLOCK_BUFFER_TYPE = NONE for ddr3_sdram_addr[7]. (constraint file  c:/Users/rikir/Documents/FPGA_projects/Vitis_project_on_SPI_flash/Vitis_project_on_SPI_flash.gen/sources_1/bd/design_1/ip/design_1_mig_7series_0_2/design_1_mig_7series_0_2/design_1_mig_7series_0_2_in_context.xdc, line 25).
Applied set_property IO_BUFFER_TYPE = NONE for ddr3_sdram_addr[8]. (constraint file  c:/Users/rikir/Documents/FPGA_projects/Vitis_project_on_SPI_flash/Vitis_project_on_SPI_flash.gen/sources_1/bd/design_1/ip/design_1_mig_7series_0_2/design_1_mig_7series_0_2/design_1_mig_7series_0_2_in_context.xdc, line 26).
Applied set_property CLOCK_BUFFER_TYPE = NONE for ddr3_sdram_addr[8]. (constraint file  c:/Users/rikir/Documents/FPGA_projects/Vitis_project_on_SPI_flash/Vitis_project_on_SPI_flash.gen/sources_1/bd/design_1/ip/design_1_mig_7series_0_2/design_1_mig_7series_0_2/design_1_mig_7series_0_2_in_context.xdc, line 27).
Applied set_property IO_BUFFER_TYPE = NONE for ddr3_sdram_addr[9]. (constraint file  c:/Users/rikir/Documents/FPGA_projects/Vitis_project_on_SPI_flash/Vitis_project_on_SPI_flash.gen/sources_1/bd/design_1/ip/design_1_mig_7series_0_2/design_1_mig_7series_0_2/design_1_mig_7series_0_2_in_context.xdc, line 28).
Applied set_property CLOCK_BUFFER_TYPE = NONE for ddr3_sdram_addr[9]. (constraint file  c:/Users/rikir/Documents/FPGA_projects/Vitis_project_on_SPI_flash/Vitis_project_on_SPI_flash.gen/sources_1/bd/design_1/ip/design_1_mig_7series_0_2/design_1_mig_7series_0_2/design_1_mig_7series_0_2_in_context.xdc, line 29).
Applied set_property IO_BUFFER_TYPE = NONE for ddr3_sdram_ba[0]. (constraint file  c:/Users/rikir/Documents/FPGA_projects/Vitis_project_on_SPI_flash/Vitis_project_on_SPI_flash.gen/sources_1/bd/design_1/ip/design_1_mig_7series_0_2/design_1_mig_7series_0_2/design_1_mig_7series_0_2_in_context.xdc, line 30).
Applied set_property CLOCK_BUFFER_TYPE = NONE for ddr3_sdram_ba[0]. (constraint file  c:/Users/rikir/Documents/FPGA_projects/Vitis_project_on_SPI_flash/Vitis_project_on_SPI_flash.gen/sources_1/bd/design_1/ip/design_1_mig_7series_0_2/design_1_mig_7series_0_2/design_1_mig_7series_0_2_in_context.xdc, line 31).
Applied set_property IO_BUFFER_TYPE = NONE for ddr3_sdram_ba[1]. (constraint file  c:/Users/rikir/Documents/FPGA_projects/Vitis_project_on_SPI_flash/Vitis_project_on_SPI_flash.gen/sources_1/bd/design_1/ip/design_1_mig_7series_0_2/design_1_mig_7series_0_2/design_1_mig_7series_0_2_in_context.xdc, line 32).
Applied set_property CLOCK_BUFFER_TYPE = NONE for ddr3_sdram_ba[1]. (constraint file  c:/Users/rikir/Documents/FPGA_projects/Vitis_project_on_SPI_flash/Vitis_project_on_SPI_flash.gen/sources_1/bd/design_1/ip/design_1_mig_7series_0_2/design_1_mig_7series_0_2/design_1_mig_7series_0_2_in_context.xdc, line 33).
Applied set_property IO_BUFFER_TYPE = NONE for ddr3_sdram_ba[2]. (constraint file  c:/Users/rikir/Documents/FPGA_projects/Vitis_project_on_SPI_flash/Vitis_project_on_SPI_flash.gen/sources_1/bd/design_1/ip/design_1_mig_7series_0_2/design_1_mig_7series_0_2/design_1_mig_7series_0_2_in_context.xdc, line 34).
Applied set_property CLOCK_BUFFER_TYPE = NONE for ddr3_sdram_ba[2]. (constraint file  c:/Users/rikir/Documents/FPGA_projects/Vitis_project_on_SPI_flash/Vitis_project_on_SPI_flash.gen/sources_1/bd/design_1/ip/design_1_mig_7series_0_2/design_1_mig_7series_0_2/design_1_mig_7series_0_2_in_context.xdc, line 35).
Applied set_property IO_BUFFER_TYPE = NONE for ddr3_sdram_cas_n. (constraint file  c:/Users/rikir/Documents/FPGA_projects/Vitis_project_on_SPI_flash/Vitis_project_on_SPI_flash.gen/sources_1/bd/design_1/ip/design_1_mig_7series_0_2/design_1_mig_7series_0_2/design_1_mig_7series_0_2_in_context.xdc, line 36).
Applied set_property CLOCK_BUFFER_TYPE = NONE for ddr3_sdram_cas_n. (constraint file  c:/Users/rikir/Documents/FPGA_projects/Vitis_project_on_SPI_flash/Vitis_project_on_SPI_flash.gen/sources_1/bd/design_1/ip/design_1_mig_7series_0_2/design_1_mig_7series_0_2/design_1_mig_7series_0_2_in_context.xdc, line 37).
Applied set_property IO_BUFFER_TYPE = NONE for ddr3_sdram_ck_n[0]. (constraint file  c:/Users/rikir/Documents/FPGA_projects/Vitis_project_on_SPI_flash/Vitis_project_on_SPI_flash.gen/sources_1/bd/design_1/ip/design_1_mig_7series_0_2/design_1_mig_7series_0_2/design_1_mig_7series_0_2_in_context.xdc, line 38).
Applied set_property CLOCK_BUFFER_TYPE = NONE for ddr3_sdram_ck_n[0]. (constraint file  c:/Users/rikir/Documents/FPGA_projects/Vitis_project_on_SPI_flash/Vitis_project_on_SPI_flash.gen/sources_1/bd/design_1/ip/design_1_mig_7series_0_2/design_1_mig_7series_0_2/design_1_mig_7series_0_2_in_context.xdc, line 39).
Applied set_property IO_BUFFER_TYPE = NONE for ddr3_sdram_ck_p[0]. (constraint file  c:/Users/rikir/Documents/FPGA_projects/Vitis_project_on_SPI_flash/Vitis_project_on_SPI_flash.gen/sources_1/bd/design_1/ip/design_1_mig_7series_0_2/design_1_mig_7series_0_2/design_1_mig_7series_0_2_in_context.xdc, line 40).
Applied set_property CLOCK_BUFFER_TYPE = NONE for ddr3_sdram_ck_p[0]. (constraint file  c:/Users/rikir/Documents/FPGA_projects/Vitis_project_on_SPI_flash/Vitis_project_on_SPI_flash.gen/sources_1/bd/design_1/ip/design_1_mig_7series_0_2/design_1_mig_7series_0_2/design_1_mig_7series_0_2_in_context.xdc, line 41).
Applied set_property IO_BUFFER_TYPE = NONE for ddr3_sdram_cke[0]. (constraint file  c:/Users/rikir/Documents/FPGA_projects/Vitis_project_on_SPI_flash/Vitis_project_on_SPI_flash.gen/sources_1/bd/design_1/ip/design_1_mig_7series_0_2/design_1_mig_7series_0_2/design_1_mig_7series_0_2_in_context.xdc, line 42).
Applied set_property CLOCK_BUFFER_TYPE = NONE for ddr3_sdram_cke[0]. (constraint file  c:/Users/rikir/Documents/FPGA_projects/Vitis_project_on_SPI_flash/Vitis_project_on_SPI_flash.gen/sources_1/bd/design_1/ip/design_1_mig_7series_0_2/design_1_mig_7series_0_2/design_1_mig_7series_0_2_in_context.xdc, line 43).
Applied set_property IO_BUFFER_TYPE = NONE for ddr3_sdram_cs_n[0]. (constraint file  c:/Users/rikir/Documents/FPGA_projects/Vitis_project_on_SPI_flash/Vitis_project_on_SPI_flash.gen/sources_1/bd/design_1/ip/design_1_mig_7series_0_2/design_1_mig_7series_0_2/design_1_mig_7series_0_2_in_context.xdc, line 44).
Applied set_property CLOCK_BUFFER_TYPE = NONE for ddr3_sdram_cs_n[0]. (constraint file  c:/Users/rikir/Documents/FPGA_projects/Vitis_project_on_SPI_flash/Vitis_project_on_SPI_flash.gen/sources_1/bd/design_1/ip/design_1_mig_7series_0_2/design_1_mig_7series_0_2/design_1_mig_7series_0_2_in_context.xdc, line 45).
Applied set_property IO_BUFFER_TYPE = NONE for ddr3_sdram_dm[0]. (constraint file  c:/Users/rikir/Documents/FPGA_projects/Vitis_project_on_SPI_flash/Vitis_project_on_SPI_flash.gen/sources_1/bd/design_1/ip/design_1_mig_7series_0_2/design_1_mig_7series_0_2/design_1_mig_7series_0_2_in_context.xdc, line 46).
Applied set_property CLOCK_BUFFER_TYPE = NONE for ddr3_sdram_dm[0]. (constraint file  c:/Users/rikir/Documents/FPGA_projects/Vitis_project_on_SPI_flash/Vitis_project_on_SPI_flash.gen/sources_1/bd/design_1/ip/design_1_mig_7series_0_2/design_1_mig_7series_0_2/design_1_mig_7series_0_2_in_context.xdc, line 47).
Applied set_property IO_BUFFER_TYPE = NONE for ddr3_sdram_dm[1]. (constraint file  c:/Users/rikir/Documents/FPGA_projects/Vitis_project_on_SPI_flash/Vitis_project_on_SPI_flash.gen/sources_1/bd/design_1/ip/design_1_mig_7series_0_2/design_1_mig_7series_0_2/design_1_mig_7series_0_2_in_context.xdc, line 48).
Applied set_property CLOCK_BUFFER_TYPE = NONE for ddr3_sdram_dm[1]. (constraint file  c:/Users/rikir/Documents/FPGA_projects/Vitis_project_on_SPI_flash/Vitis_project_on_SPI_flash.gen/sources_1/bd/design_1/ip/design_1_mig_7series_0_2/design_1_mig_7series_0_2/design_1_mig_7series_0_2_in_context.xdc, line 49).
Applied set_property IO_BUFFER_TYPE = NONE for ddr3_sdram_dq[0]. (constraint file  c:/Users/rikir/Documents/FPGA_projects/Vitis_project_on_SPI_flash/Vitis_project_on_SPI_flash.gen/sources_1/bd/design_1/ip/design_1_mig_7series_0_2/design_1_mig_7series_0_2/design_1_mig_7series_0_2_in_context.xdc, line 50).
Applied set_property CLOCK_BUFFER_TYPE = NONE for ddr3_sdram_dq[0]. (constraint file  c:/Users/rikir/Documents/FPGA_projects/Vitis_project_on_SPI_flash/Vitis_project_on_SPI_flash.gen/sources_1/bd/design_1/ip/design_1_mig_7series_0_2/design_1_mig_7series_0_2/design_1_mig_7series_0_2_in_context.xdc, line 51).
Applied set_property IO_BUFFER_TYPE = NONE for ddr3_sdram_dq[10]. (constraint file  c:/Users/rikir/Documents/FPGA_projects/Vitis_project_on_SPI_flash/Vitis_project_on_SPI_flash.gen/sources_1/bd/design_1/ip/design_1_mig_7series_0_2/design_1_mig_7series_0_2/design_1_mig_7series_0_2_in_context.xdc, line 52).
Applied set_property CLOCK_BUFFER_TYPE = NONE for ddr3_sdram_dq[10]. (constraint file  c:/Users/rikir/Documents/FPGA_projects/Vitis_project_on_SPI_flash/Vitis_project_on_SPI_flash.gen/sources_1/bd/design_1/ip/design_1_mig_7series_0_2/design_1_mig_7series_0_2/design_1_mig_7series_0_2_in_context.xdc, line 53).
Applied set_property IO_BUFFER_TYPE = NONE for ddr3_sdram_dq[11]. (constraint file  c:/Users/rikir/Documents/FPGA_projects/Vitis_project_on_SPI_flash/Vitis_project_on_SPI_flash.gen/sources_1/bd/design_1/ip/design_1_mig_7series_0_2/design_1_mig_7series_0_2/design_1_mig_7series_0_2_in_context.xdc, line 54).
Applied set_property CLOCK_BUFFER_TYPE = NONE for ddr3_sdram_dq[11]. (constraint file  c:/Users/rikir/Documents/FPGA_projects/Vitis_project_on_SPI_flash/Vitis_project_on_SPI_flash.gen/sources_1/bd/design_1/ip/design_1_mig_7series_0_2/design_1_mig_7series_0_2/design_1_mig_7series_0_2_in_context.xdc, line 55).
Applied set_property IO_BUFFER_TYPE = NONE for ddr3_sdram_dq[12]. (constraint file  c:/Users/rikir/Documents/FPGA_projects/Vitis_project_on_SPI_flash/Vitis_project_on_SPI_flash.gen/sources_1/bd/design_1/ip/design_1_mig_7series_0_2/design_1_mig_7series_0_2/design_1_mig_7series_0_2_in_context.xdc, line 56).
Applied set_property CLOCK_BUFFER_TYPE = NONE for ddr3_sdram_dq[12]. (constraint file  c:/Users/rikir/Documents/FPGA_projects/Vitis_project_on_SPI_flash/Vitis_project_on_SPI_flash.gen/sources_1/bd/design_1/ip/design_1_mig_7series_0_2/design_1_mig_7series_0_2/design_1_mig_7series_0_2_in_context.xdc, line 57).
Applied set_property IO_BUFFER_TYPE = NONE for ddr3_sdram_dq[13]. (constraint file  c:/Users/rikir/Documents/FPGA_projects/Vitis_project_on_SPI_flash/Vitis_project_on_SPI_flash.gen/sources_1/bd/design_1/ip/design_1_mig_7series_0_2/design_1_mig_7series_0_2/design_1_mig_7series_0_2_in_context.xdc, line 58).
Applied set_property CLOCK_BUFFER_TYPE = NONE for ddr3_sdram_dq[13]. (constraint file  c:/Users/rikir/Documents/FPGA_projects/Vitis_project_on_SPI_flash/Vitis_project_on_SPI_flash.gen/sources_1/bd/design_1/ip/design_1_mig_7series_0_2/design_1_mig_7series_0_2/design_1_mig_7series_0_2_in_context.xdc, line 59).
Applied set_property IO_BUFFER_TYPE = NONE for ddr3_sdram_dq[14]. (constraint file  c:/Users/rikir/Documents/FPGA_projects/Vitis_project_on_SPI_flash/Vitis_project_on_SPI_flash.gen/sources_1/bd/design_1/ip/design_1_mig_7series_0_2/design_1_mig_7series_0_2/design_1_mig_7series_0_2_in_context.xdc, line 60).
Applied set_property CLOCK_BUFFER_TYPE = NONE for ddr3_sdram_dq[14]. (constraint file  c:/Users/rikir/Documents/FPGA_projects/Vitis_project_on_SPI_flash/Vitis_project_on_SPI_flash.gen/sources_1/bd/design_1/ip/design_1_mig_7series_0_2/design_1_mig_7series_0_2/design_1_mig_7series_0_2_in_context.xdc, line 61).
Applied set_property IO_BUFFER_TYPE = NONE for ddr3_sdram_dq[15]. (constraint file  c:/Users/rikir/Documents/FPGA_projects/Vitis_project_on_SPI_flash/Vitis_project_on_SPI_flash.gen/sources_1/bd/design_1/ip/design_1_mig_7series_0_2/design_1_mig_7series_0_2/design_1_mig_7series_0_2_in_context.xdc, line 62).
Applied set_property CLOCK_BUFFER_TYPE = NONE for ddr3_sdram_dq[15]. (constraint file  c:/Users/rikir/Documents/FPGA_projects/Vitis_project_on_SPI_flash/Vitis_project_on_SPI_flash.gen/sources_1/bd/design_1/ip/design_1_mig_7series_0_2/design_1_mig_7series_0_2/design_1_mig_7series_0_2_in_context.xdc, line 63).
Applied set_property IO_BUFFER_TYPE = NONE for ddr3_sdram_dq[1]. (constraint file  c:/Users/rikir/Documents/FPGA_projects/Vitis_project_on_SPI_flash/Vitis_project_on_SPI_flash.gen/sources_1/bd/design_1/ip/design_1_mig_7series_0_2/design_1_mig_7series_0_2/design_1_mig_7series_0_2_in_context.xdc, line 64).
Applied set_property CLOCK_BUFFER_TYPE = NONE for ddr3_sdram_dq[1]. (constraint file  c:/Users/rikir/Documents/FPGA_projects/Vitis_project_on_SPI_flash/Vitis_project_on_SPI_flash.gen/sources_1/bd/design_1/ip/design_1_mig_7series_0_2/design_1_mig_7series_0_2/design_1_mig_7series_0_2_in_context.xdc, line 65).
Applied set_property IO_BUFFER_TYPE = NONE for ddr3_sdram_dq[2]. (constraint file  c:/Users/rikir/Documents/FPGA_projects/Vitis_project_on_SPI_flash/Vitis_project_on_SPI_flash.gen/sources_1/bd/design_1/ip/design_1_mig_7series_0_2/design_1_mig_7series_0_2/design_1_mig_7series_0_2_in_context.xdc, line 66).
Applied set_property CLOCK_BUFFER_TYPE = NONE for ddr3_sdram_dq[2]. (constraint file  c:/Users/rikir/Documents/FPGA_projects/Vitis_project_on_SPI_flash/Vitis_project_on_SPI_flash.gen/sources_1/bd/design_1/ip/design_1_mig_7series_0_2/design_1_mig_7series_0_2/design_1_mig_7series_0_2_in_context.xdc, line 67).
Applied set_property IO_BUFFER_TYPE = NONE for ddr3_sdram_dq[3]. (constraint file  c:/Users/rikir/Documents/FPGA_projects/Vitis_project_on_SPI_flash/Vitis_project_on_SPI_flash.gen/sources_1/bd/design_1/ip/design_1_mig_7series_0_2/design_1_mig_7series_0_2/design_1_mig_7series_0_2_in_context.xdc, line 68).
Applied set_property CLOCK_BUFFER_TYPE = NONE for ddr3_sdram_dq[3]. (constraint file  c:/Users/rikir/Documents/FPGA_projects/Vitis_project_on_SPI_flash/Vitis_project_on_SPI_flash.gen/sources_1/bd/design_1/ip/design_1_mig_7series_0_2/design_1_mig_7series_0_2/design_1_mig_7series_0_2_in_context.xdc, line 69).
Applied set_property IO_BUFFER_TYPE = NONE for ddr3_sdram_dq[4]. (constraint file  c:/Users/rikir/Documents/FPGA_projects/Vitis_project_on_SPI_flash/Vitis_project_on_SPI_flash.gen/sources_1/bd/design_1/ip/design_1_mig_7series_0_2/design_1_mig_7series_0_2/design_1_mig_7series_0_2_in_context.xdc, line 70).
Applied set_property CLOCK_BUFFER_TYPE = NONE for ddr3_sdram_dq[4]. (constraint file  c:/Users/rikir/Documents/FPGA_projects/Vitis_project_on_SPI_flash/Vitis_project_on_SPI_flash.gen/sources_1/bd/design_1/ip/design_1_mig_7series_0_2/design_1_mig_7series_0_2/design_1_mig_7series_0_2_in_context.xdc, line 71).
Applied set_property IO_BUFFER_TYPE = NONE for ddr3_sdram_dq[5]. (constraint file  c:/Users/rikir/Documents/FPGA_projects/Vitis_project_on_SPI_flash/Vitis_project_on_SPI_flash.gen/sources_1/bd/design_1/ip/design_1_mig_7series_0_2/design_1_mig_7series_0_2/design_1_mig_7series_0_2_in_context.xdc, line 72).
Applied set_property CLOCK_BUFFER_TYPE = NONE for ddr3_sdram_dq[5]. (constraint file  c:/Users/rikir/Documents/FPGA_projects/Vitis_project_on_SPI_flash/Vitis_project_on_SPI_flash.gen/sources_1/bd/design_1/ip/design_1_mig_7series_0_2/design_1_mig_7series_0_2/design_1_mig_7series_0_2_in_context.xdc, line 73).
Applied set_property IO_BUFFER_TYPE = NONE for ddr3_sdram_dq[6]. (constraint file  c:/Users/rikir/Documents/FPGA_projects/Vitis_project_on_SPI_flash/Vitis_project_on_SPI_flash.gen/sources_1/bd/design_1/ip/design_1_mig_7series_0_2/design_1_mig_7series_0_2/design_1_mig_7series_0_2_in_context.xdc, line 74).
Applied set_property CLOCK_BUFFER_TYPE = NONE for ddr3_sdram_dq[6]. (constraint file  c:/Users/rikir/Documents/FPGA_projects/Vitis_project_on_SPI_flash/Vitis_project_on_SPI_flash.gen/sources_1/bd/design_1/ip/design_1_mig_7series_0_2/design_1_mig_7series_0_2/design_1_mig_7series_0_2_in_context.xdc, line 75).
Applied set_property IO_BUFFER_TYPE = NONE for ddr3_sdram_dq[7]. (constraint file  c:/Users/rikir/Documents/FPGA_projects/Vitis_project_on_SPI_flash/Vitis_project_on_SPI_flash.gen/sources_1/bd/design_1/ip/design_1_mig_7series_0_2/design_1_mig_7series_0_2/design_1_mig_7series_0_2_in_context.xdc, line 76).
Applied set_property CLOCK_BUFFER_TYPE = NONE for ddr3_sdram_dq[7]. (constraint file  c:/Users/rikir/Documents/FPGA_projects/Vitis_project_on_SPI_flash/Vitis_project_on_SPI_flash.gen/sources_1/bd/design_1/ip/design_1_mig_7series_0_2/design_1_mig_7series_0_2/design_1_mig_7series_0_2_in_context.xdc, line 77).
Applied set_property IO_BUFFER_TYPE = NONE for ddr3_sdram_dq[8]. (constraint file  c:/Users/rikir/Documents/FPGA_projects/Vitis_project_on_SPI_flash/Vitis_project_on_SPI_flash.gen/sources_1/bd/design_1/ip/design_1_mig_7series_0_2/design_1_mig_7series_0_2/design_1_mig_7series_0_2_in_context.xdc, line 78).
Applied set_property CLOCK_BUFFER_TYPE = NONE for ddr3_sdram_dq[8]. (constraint file  c:/Users/rikir/Documents/FPGA_projects/Vitis_project_on_SPI_flash/Vitis_project_on_SPI_flash.gen/sources_1/bd/design_1/ip/design_1_mig_7series_0_2/design_1_mig_7series_0_2/design_1_mig_7series_0_2_in_context.xdc, line 79).
Applied set_property IO_BUFFER_TYPE = NONE for ddr3_sdram_dq[9]. (constraint file  c:/Users/rikir/Documents/FPGA_projects/Vitis_project_on_SPI_flash/Vitis_project_on_SPI_flash.gen/sources_1/bd/design_1/ip/design_1_mig_7series_0_2/design_1_mig_7series_0_2/design_1_mig_7series_0_2_in_context.xdc, line 80).
Applied set_property CLOCK_BUFFER_TYPE = NONE for ddr3_sdram_dq[9]. (constraint file  c:/Users/rikir/Documents/FPGA_projects/Vitis_project_on_SPI_flash/Vitis_project_on_SPI_flash.gen/sources_1/bd/design_1/ip/design_1_mig_7series_0_2/design_1_mig_7series_0_2/design_1_mig_7series_0_2_in_context.xdc, line 81).
Applied set_property IO_BUFFER_TYPE = NONE for ddr3_sdram_dqs_n[0]. (constraint file  c:/Users/rikir/Documents/FPGA_projects/Vitis_project_on_SPI_flash/Vitis_project_on_SPI_flash.gen/sources_1/bd/design_1/ip/design_1_mig_7series_0_2/design_1_mig_7series_0_2/design_1_mig_7series_0_2_in_context.xdc, line 82).
Applied set_property CLOCK_BUFFER_TYPE = NONE for ddr3_sdram_dqs_n[0]. (constraint file  c:/Users/rikir/Documents/FPGA_projects/Vitis_project_on_SPI_flash/Vitis_project_on_SPI_flash.gen/sources_1/bd/design_1/ip/design_1_mig_7series_0_2/design_1_mig_7series_0_2/design_1_mig_7series_0_2_in_context.xdc, line 83).
Applied set_property IO_BUFFER_TYPE = NONE for ddr3_sdram_dqs_n[1]. (constraint file  c:/Users/rikir/Documents/FPGA_projects/Vitis_project_on_SPI_flash/Vitis_project_on_SPI_flash.gen/sources_1/bd/design_1/ip/design_1_mig_7series_0_2/design_1_mig_7series_0_2/design_1_mig_7series_0_2_in_context.xdc, line 84).
Applied set_property CLOCK_BUFFER_TYPE = NONE for ddr3_sdram_dqs_n[1]. (constraint file  c:/Users/rikir/Documents/FPGA_projects/Vitis_project_on_SPI_flash/Vitis_project_on_SPI_flash.gen/sources_1/bd/design_1/ip/design_1_mig_7series_0_2/design_1_mig_7series_0_2/design_1_mig_7series_0_2_in_context.xdc, line 85).
Applied set_property IO_BUFFER_TYPE = NONE for ddr3_sdram_dqs_p[0]. (constraint file  c:/Users/rikir/Documents/FPGA_projects/Vitis_project_on_SPI_flash/Vitis_project_on_SPI_flash.gen/sources_1/bd/design_1/ip/design_1_mig_7series_0_2/design_1_mig_7series_0_2/design_1_mig_7series_0_2_in_context.xdc, line 86).
Applied set_property CLOCK_BUFFER_TYPE = NONE for ddr3_sdram_dqs_p[0]. (constraint file  c:/Users/rikir/Documents/FPGA_projects/Vitis_project_on_SPI_flash/Vitis_project_on_SPI_flash.gen/sources_1/bd/design_1/ip/design_1_mig_7series_0_2/design_1_mig_7series_0_2/design_1_mig_7series_0_2_in_context.xdc, line 87).
Applied set_property IO_BUFFER_TYPE = NONE for ddr3_sdram_dqs_p[1]. (constraint file  c:/Users/rikir/Documents/FPGA_projects/Vitis_project_on_SPI_flash/Vitis_project_on_SPI_flash.gen/sources_1/bd/design_1/ip/design_1_mig_7series_0_2/design_1_mig_7series_0_2/design_1_mig_7series_0_2_in_context.xdc, line 88).
Applied set_property CLOCK_BUFFER_TYPE = NONE for ddr3_sdram_dqs_p[1]. (constraint file  c:/Users/rikir/Documents/FPGA_projects/Vitis_project_on_SPI_flash/Vitis_project_on_SPI_flash.gen/sources_1/bd/design_1/ip/design_1_mig_7series_0_2/design_1_mig_7series_0_2/design_1_mig_7series_0_2_in_context.xdc, line 89).
Applied set_property IO_BUFFER_TYPE = NONE for ddr3_sdram_odt[0]. (constraint file  c:/Users/rikir/Documents/FPGA_projects/Vitis_project_on_SPI_flash/Vitis_project_on_SPI_flash.gen/sources_1/bd/design_1/ip/design_1_mig_7series_0_2/design_1_mig_7series_0_2/design_1_mig_7series_0_2_in_context.xdc, line 90).
Applied set_property CLOCK_BUFFER_TYPE = NONE for ddr3_sdram_odt[0]. (constraint file  c:/Users/rikir/Documents/FPGA_projects/Vitis_project_on_SPI_flash/Vitis_project_on_SPI_flash.gen/sources_1/bd/design_1/ip/design_1_mig_7series_0_2/design_1_mig_7series_0_2/design_1_mig_7series_0_2_in_context.xdc, line 91).
Applied set_property IO_BUFFER_TYPE = NONE for ddr3_sdram_ras_n. (constraint file  c:/Users/rikir/Documents/FPGA_projects/Vitis_project_on_SPI_flash/Vitis_project_on_SPI_flash.gen/sources_1/bd/design_1/ip/design_1_mig_7series_0_2/design_1_mig_7series_0_2/design_1_mig_7series_0_2_in_context.xdc, line 92).
Applied set_property CLOCK_BUFFER_TYPE = NONE for ddr3_sdram_ras_n. (constraint file  c:/Users/rikir/Documents/FPGA_projects/Vitis_project_on_SPI_flash/Vitis_project_on_SPI_flash.gen/sources_1/bd/design_1/ip/design_1_mig_7series_0_2/design_1_mig_7series_0_2/design_1_mig_7series_0_2_in_context.xdc, line 93).
Applied set_property IO_BUFFER_TYPE = NONE for ddr3_sdram_reset_n. (constraint file  c:/Users/rikir/Documents/FPGA_projects/Vitis_project_on_SPI_flash/Vitis_project_on_SPI_flash.gen/sources_1/bd/design_1/ip/design_1_mig_7series_0_2/design_1_mig_7series_0_2/design_1_mig_7series_0_2_in_context.xdc, line 94).
Applied set_property CLOCK_BUFFER_TYPE = NONE for ddr3_sdram_reset_n. (constraint file  c:/Users/rikir/Documents/FPGA_projects/Vitis_project_on_SPI_flash/Vitis_project_on_SPI_flash.gen/sources_1/bd/design_1/ip/design_1_mig_7series_0_2/design_1_mig_7series_0_2/design_1_mig_7series_0_2_in_context.xdc, line 95).
Applied set_property IO_BUFFER_TYPE = NONE for ddr3_sdram_we_n. (constraint file  c:/Users/rikir/Documents/FPGA_projects/Vitis_project_on_SPI_flash/Vitis_project_on_SPI_flash.gen/sources_1/bd/design_1/ip/design_1_mig_7series_0_2/design_1_mig_7series_0_2/design_1_mig_7series_0_2_in_context.xdc, line 96).
Applied set_property CLOCK_BUFFER_TYPE = NONE for ddr3_sdram_we_n. (constraint file  c:/Users/rikir/Documents/FPGA_projects/Vitis_project_on_SPI_flash/Vitis_project_on_SPI_flash.gen/sources_1/bd/design_1/ip/design_1_mig_7series_0_2/design_1_mig_7series_0_2/design_1_mig_7series_0_2_in_context.xdc, line 97).
Applied set_property KEEP_HIERARCHY = SOFT for design_1_i. (constraint file  auto generated constraint).
Applied set_property KEEP_HIERARCHY = SOFT for design_1_i/CLOCKING_WIZARD. (constraint file  auto generated constraint).
Applied set_property KEEP_HIERARCHY = SOFT for design_1_i/mig_7series_0. (constraint file  auto generated constraint).
Applied set_property KEEP_HIERARCHY = SOFT for design_1_i/reset_inv_0. (constraint file  auto generated constraint).
Applied set_property KEEP_HIERARCHY = SOFT for design_1_i/microblaze_0. (constraint file  auto generated constraint).
Applied set_property KEEP_HIERARCHY = SOFT for design_1_i/microblaze_0_local_memory/dlmb_v10. (constraint file  auto generated constraint).
Applied set_property KEEP_HIERARCHY = SOFT for design_1_i/microblaze_0_local_memory/ilmb_v10. (constraint file  auto generated constraint).
Applied set_property KEEP_HIERARCHY = SOFT for design_1_i/microblaze_0_local_memory/dlmb_bram_if_cntlr. (constraint file  auto generated constraint).
Applied set_property KEEP_HIERARCHY = SOFT for design_1_i/microblaze_0_local_memory/ilmb_bram_if_cntlr. (constraint file  auto generated constraint).
Applied set_property KEEP_HIERARCHY = SOFT for design_1_i/microblaze_0_local_memory/lmb_bram. (constraint file  auto generated constraint).
Applied set_property KEEP_HIERARCHY = SOFT for design_1_i/mdm_1. (constraint file  auto generated constraint).
Applied set_property KEEP_HIERARCHY = SOFT for design_1_i/rst_mig_7series_0_83M. (constraint file  auto generated constraint).
Applied set_property KEEP_HIERARCHY = SOFT for design_1_i/axi_uartlite_0. (constraint file  auto generated constraint).
Applied set_property KEEP_HIERARCHY = SOFT for design_1_i/axi_quad_spi_0. (constraint file  auto generated constraint).
Applied set_property KEEP_HIERARCHY = SOFT for design_1_i/microblaze_0_axi_periph/xbar. (constraint file  auto generated constraint).
Applied set_property KEEP_HIERARCHY = SOFT for design_1_i/microblaze_0_axi_periph. (constraint file  auto generated constraint).
Applied set_property KEEP_HIERARCHY = SOFT for design_1_i/axi_smc. (constraint file  auto generated constraint).
Applied set_property KEEP_HIERARCHY = SOFT for design_1_i/PmodSD_0. (constraint file  auto generated constraint).
---------------------------------------------------------------------------------
Finished applying 'set_property' XDC Constraints : Time (s): cpu = 00:00:15 ; elapsed = 00:00:17 . Memory (MB): peak = 1568.148 ; gain = 122.211
---------------------------------------------------------------------------------
---------------------------------------------------------------------------------
Finished RTL Optimization Phase 2 : Time (s): cpu = 00:00:16 ; elapsed = 00:00:18 . Memory (MB): peak = 1568.148 ; gain = 122.211
---------------------------------------------------------------------------------
---------------------------------------------------------------------------------
Start RTL Component Statistics 
---------------------------------------------------------------------------------
Detailed RTL Component Info : 
---------------------------------------------------------------------------------
Finished RTL Component Statistics 
---------------------------------------------------------------------------------
---------------------------------------------------------------------------------
Start Part Resource Summary
---------------------------------------------------------------------------------
Part Resources:
DSPs: 90 (col length:60)
BRAMs: 100 (col length: RAMB18 60 RAMB36 30)
---------------------------------------------------------------------------------
Finished Part Resource Summary
---------------------------------------------------------------------------------
---------------------------------------------------------------------------------
Start Cross Boundary and Area Optimization
---------------------------------------------------------------------------------
WARNING: [Synth 8-7080] Parallel synthesis criteria is not met
WARNING: [Synth 8-7129] Port M00_ACLK in module design_1_microblaze_0_axi_periph_4 is either unconnected or has no load
WARNING: [Synth 8-7129] Port M00_ARESETN in module design_1_microblaze_0_axi_periph_4 is either unconnected or has no load
WARNING: [Synth 8-7129] Port M01_ACLK in module design_1_microblaze_0_axi_periph_4 is either unconnected or has no load
WARNING: [Synth 8-7129] Port M01_ARESETN in module design_1_microblaze_0_axi_periph_4 is either unconnected or has no load
WARNING: [Synth 8-7129] Port M02_ACLK in module design_1_microblaze_0_axi_periph_4 is either unconnected or has no load
WARNING: [Synth 8-7129] Port M02_ARESETN in module design_1_microblaze_0_axi_periph_4 is either unconnected or has no load
WARNING: [Synth 8-7129] Port M03_ACLK in module design_1_microblaze_0_axi_periph_4 is either unconnected or has no load
WARNING: [Synth 8-7129] Port M03_ARESETN in module design_1_microblaze_0_axi_periph_4 is either unconnected or has no load
WARNING: [Synth 8-7129] Port S00_ACLK in module design_1_microblaze_0_axi_periph_4 is either unconnected or has no load
WARNING: [Synth 8-7129] Port S00_ARESETN in module design_1_microblaze_0_axi_periph_4 is either unconnected or has no load
---------------------------------------------------------------------------------
Finished Cross Boundary and Area Optimization : Time (s): cpu = 00:00:18 ; elapsed = 00:00:20 . Memory (MB): peak = 1568.148 ; gain = 122.211
---------------------------------------------------------------------------------
---------------------------------------------------------------------------------
Start Applying XDC Timing Constraints
---------------------------------------------------------------------------------
---------------------------------------------------------------------------------
Finished Applying XDC Timing Constraints : Time (s): cpu = 00:00:24 ; elapsed = 00:00:26 . Memory (MB): peak = 1568.148 ; gain = 122.211
---------------------------------------------------------------------------------
---------------------------------------------------------------------------------
Start Timing Optimization
---------------------------------------------------------------------------------
---------------------------------------------------------------------------------
Finished Timing Optimization : Time (s): cpu = 00:00:24 ; elapsed = 00:00:26 . Memory (MB): peak = 1568.148 ; gain = 122.211
---------------------------------------------------------------------------------
---------------------------------------------------------------------------------
Start Technology Mapping
---------------------------------------------------------------------------------
---------------------------------------------------------------------------------
Finished Technology Mapping : Time (s): cpu = 00:00:24 ; elapsed = 00:00:26 . Memory (MB): peak = 1568.148 ; gain = 122.211
---------------------------------------------------------------------------------
---------------------------------------------------------------------------------
Start IO Insertion
---------------------------------------------------------------------------------
---------------------------------------------------------------------------------
Start Flattening Before IO Insertion
---------------------------------------------------------------------------------
---------------------------------------------------------------------------------
Finished Flattening Before IO Insertion
---------------------------------------------------------------------------------
---------------------------------------------------------------------------------
Start Final Netlist Cleanup
---------------------------------------------------------------------------------
---------------------------------------------------------------------------------
Finished Final Netlist Cleanup
---------------------------------------------------------------------------------
---------------------------------------------------------------------------------
Finished IO Insertion : Time (s): cpu = 00:00:29 ; elapsed = 00:00:31 . Memory (MB): peak = 1568.148 ; gain = 122.211
---------------------------------------------------------------------------------
---------------------------------------------------------------------------------
Start Renaming Generated Instances
---------------------------------------------------------------------------------
---------------------------------------------------------------------------------
Finished Renaming Generated Instances : Time (s): cpu = 00:00:29 ; elapsed = 00:00:31 . Memory (MB): peak = 1568.148 ; gain = 122.211
---------------------------------------------------------------------------------
---------------------------------------------------------------------------------
Start Rebuilding User Hierarchy
---------------------------------------------------------------------------------
---------------------------------------------------------------------------------
Finished Rebuilding User Hierarchy : Time (s): cpu = 00:00:29 ; elapsed = 00:00:31 . Memory (MB): peak = 1568.148 ; gain = 122.211
---------------------------------------------------------------------------------
---------------------------------------------------------------------------------
Start Renaming Generated Ports
---------------------------------------------------------------------------------
---------------------------------------------------------------------------------
Finished Renaming Generated Ports : Time (s): cpu = 00:00:29 ; elapsed = 00:00:31 . Memory (MB): peak = 1568.148 ; gain = 122.211
---------------------------------------------------------------------------------
---------------------------------------------------------------------------------
Start Handling Custom Attributes
---------------------------------------------------------------------------------
---------------------------------------------------------------------------------
Finished Handling Custom Attributes : Time (s): cpu = 00:00:29 ; elapsed = 00:00:31 . Memory (MB): peak = 1568.148 ; gain = 122.211
---------------------------------------------------------------------------------
---------------------------------------------------------------------------------
Start Renaming Generated Nets
---------------------------------------------------------------------------------
---------------------------------------------------------------------------------
Finished Renaming Generated Nets : Time (s): cpu = 00:00:29 ; elapsed = 00:00:31 . Memory (MB): peak = 1568.148 ; gain = 122.211
---------------------------------------------------------------------------------
---------------------------------------------------------------------------------
Start Writing Synthesis Report
---------------------------------------------------------------------------------

Report BlackBoxes: 
+------+---------------------------------+----------+
|      |BlackBox name                    |Instances |
+------+---------------------------------+----------+
|1     |design_1_xbar_2                  |         1|
|2     |design_1_clk_wiz_0_0             |         1|
|3     |design_1_PmodSD_0_0              |         1|
|4     |design_1_axi_quad_spi_0_1        |         1|
|5     |design_1_axi_smc_1               |         1|
|6     |design_1_axi_uartlite_0_2        |         1|
|7     |design_1_mdm_1_2                 |         1|
|8     |design_1_microblaze_0_1          |         1|
|9     |design_1_mig_7series_0_2         |         1|
|10    |design_1_reset_inv_0_0           |         1|
|11    |design_1_rst_mig_7series_0_83M_2 |         1|
|12    |design_1_dlmb_bram_if_cntlr_2    |         1|
|13    |design_1_dlmb_v10_2              |         1|
|14    |design_1_ilmb_bram_if_cntlr_2    |         1|
|15    |design_1_ilmb_v10_2              |         1|
|16    |design_1_lmb_bram_2              |         1|
+------+---------------------------------+----------+

Report Cell Usage: 
+------+-------------------------------+------+
|      |Cell                           |Count |
+------+-------------------------------+------+
|1     |design_1_PmodSD_0              |     1|
|2     |design_1_axi_quad_spi_0        |     1|
|3     |design_1_axi_smc               |     1|
|4     |design_1_axi_uartlite_0        |     1|
|5     |design_1_clk_wiz_0             |     1|
|6     |design_1_dlmb_bram_if_cntlr    |     1|
|7     |design_1_dlmb_v10              |     1|
|8     |design_1_ilmb_bram_if_cntlr    |     1|
|9     |design_1_ilmb_v10              |     1|
|10    |design_1_lmb_bram              |     1|
|11    |design_1_mdm_1                 |     1|
|12    |design_1_microblaze_0          |     1|
|13    |design_1_mig_7series_0         |     1|
|14    |design_1_reset_inv_0           |     1|
|15    |design_1_rst_mig_7series_0_83M |     1|
|16    |design_1_xbar                  |     1|
|17    |IBUF                           |     2|
|18    |IOBUF                          |    12|
|19    |OBUF                           |     1|
+------+-------------------------------+------+
---------------------------------------------------------------------------------
Finished Writing Synthesis Report : Time (s): cpu = 00:00:29 ; elapsed = 00:00:31 . Memory (MB): peak = 1568.148 ; gain = 122.211
---------------------------------------------------------------------------------
Synthesis finished with 0 errors, 0 critical warnings and 11 warnings.
Synthesis Optimization Runtime : Time (s): cpu = 00:00:19 ; elapsed = 00:00:29 . Memory (MB): peak = 1568.148 ; gain = 16.762
Synthesis Optimization Complete : Time (s): cpu = 00:00:29 ; elapsed = 00:00:31 . Memory (MB): peak = 1568.148 ; gain = 122.211
INFO: [Project 1-571] Translating synthesized netlist
Netlist sorting complete. Time (s): cpu = 00:00:00 ; elapsed = 00:00:00.040 . Memory (MB): peak = 1568.148 ; gain = 0.000
INFO: [Netlist 29-17] Analyzing 12 Unisim elements for replacement
INFO: [Netlist 29-28] Unisim Transformation completed in 0 CPU seconds
INFO: [Project 1-570] Preparing netlist for logic optimization
INFO: [Opt 31-138] Pushed 0 inverter(s) to 0 load pin(s).
Netlist sorting complete. Time (s): cpu = 00:00:00 ; elapsed = 00:00:00 . Memory (MB): peak = 1568.148 ; gain = 0.000
INFO: [Project 1-111] Unisim Transformation Summary:
  A total of 12 instances were transformed.
  IOBUF => IOBUF (IBUF, OBUFT): 12 instances

Synth Design complete, checksum: ab2093d8
INFO: [Common 17-83] Releasing license: Synthesis
76 Infos, 94 Warnings, 0 Critical Warnings and 0 Errors encountered.
synth_design completed successfully
synth_design: Time (s): cpu = 00:00:33 ; elapsed = 00:00:37 . Memory (MB): peak = 1568.148 ; gain = 122.211
INFO: [Common 17-1381] The checkpoint 'C:/Users/rikir/Documents/FPGA_projects/Vitis_project_on_SPI_flash/Vitis_project_on_SPI_flash.runs/synth_1/design_1_wrapper.dcp' has been generated.
INFO: [runtcl-4] Executing : report_utilization -file design_1_wrapper_utilization_synth.rpt -pb design_1_wrapper_utilization_synth.pb
INFO: [Common 17-206] Exiting Vivado at Mon May  2 13:11:16 2022...
